Cherry-picking from 3a156abd24346a3188eb7e88cf86386a409e0d02 to c5d214f6f7937b271afa7342a5630fc4b7aa9845
----------------------------------------
Cherry-picking 3a156abd24346a3188eb7e88cf86386a409e0d02
[main 090cd6856b7a] scsi: libsas: direct call probe and destruct
 Author: Jason Yan <yanaijie@huawei.com>
 Date: Fri Dec 8 17:42:09 2017 +0800
 7 files changed, 27 insertions(+), 22 deletions(-)
Successfully cherry-picked 3a156abd24346a3188eb7e88cf86386a409e0d02
----------------------------------------
Cherry-picking 9e06953ee2a406c4bf4ff08c700d3ce1254974d1
[main 91083b2528ac] net: phy: mdio-bcm-unimac: fix potential NULL dereference in unimac_mdio_probe()
 Author: Wei Yongjun <weiyongjun1@huawei.com>
 Date: Thu Jan 11 11:21:51 2018 +0000
 1 file changed, 2 insertions(+)
Successfully cherry-picked 9e06953ee2a406c4bf4ff08c700d3ce1254974d1
----------------------------------------
Cherry-picking a42f149865da48f25e5a49ca344dbcad61b66ae1
[main e1d88aa914b7] crypto: ccp - Release all allocated memory if sha type is invalid
 Author: Navid Emamdoost <navid.emamdoost@gmail.com>
 Date: Thu Sep 19 11:04:48 2019 -0500
 1 file changed, 2 insertions(+), 1 deletion(-)
Successfully cherry-picked a42f149865da48f25e5a49ca344dbcad61b66ae1
----------------------------------------
Cherry-picking 12273ec840cc67b2ec469ee5f5214559357436bb
[main b57f2b133aff] media: rc: prevent memory leak in cx23888_ir_probe
 Author: Navid Emamdoost <navid.emamdoost@gmail.com>
 Date: Wed Sep 25 12:02:41 2019 -0300
 1 file changed, 4 insertions(+), 1 deletion(-)
Successfully cherry-picked 12273ec840cc67b2ec469ee5f5214559357436bb
----------------------------------------
Cherry-picking 8d75cc141d702ebc280dde2b32b50cfdea3a02b3
[main 2842a58632b6] iio: imu: adis16400: fix memory leak
 Author: Sasha Levin <sashal@kernel.org>
 Date: Thu Jul 30 19:14:12 2020 -0400
 1 file changed, 4 insertions(+), 1 deletion(-)
Successfully cherry-picked 8d75cc141d702ebc280dde2b32b50cfdea3a02b3
----------------------------------------
Cherry-picking 5502de13f91db625b063cb9d0793c7391f38452d
[main bec6926e97b8] ath9k_htc: release allocated buffer if timed out
 Author: Navid Emamdoost <navid.emamdoost@gmail.com>
 Date: Fri Sep 6 13:26:03 2019 -0500
 1 file changed, 3 insertions(+)
Successfully cherry-picked 5502de13f91db625b063cb9d0793c7391f38452d
----------------------------------------
Cherry-picking 83c212df7794563a2f45a3be8fbc097e352b2c3a
[main e65428879a6d] ath9k: release allocated buffer if timed out
 Author: Navid Emamdoost <navid.emamdoost@gmail.com>
 Date: Fri Sep 6 13:59:30 2019 -0500
 1 file changed, 1 insertion(+)
Successfully cherry-picked 83c212df7794563a2f45a3be8fbc097e352b2c3a
----------------------------------------
Cherry-picking fd4a641bb5731c0ce5397698560a823602dbaac2
Auto-merging arch/x86/kvm/x86.c
[main b513dc1d5733] x86/kvm: Be careful not to clear KVM_VCPU_FLUSH_TLB bit
 Author: Sasha Levin <sashal@kernel.org>
 Date: Thu Jul 30 19:33:48 2020 -0400
 1 file changed, 3 insertions(+)
Successfully cherry-picked fd4a641bb5731c0ce5397698560a823602dbaac2
----------------------------------------
Cherry-picking 99c0a2671044fe6c857fcbd24a595e050d98f64a
[main 33b648bc1dfe] PCI/ASPM: Disable ASPM on ASMedia ASM1083/1085 PCIe-to-PCI bridge
 Author: Robert Hancock <hancockrwd@gmail.com>
 Date: Tue Jul 21 20:18:03 2020 -0600
 1 file changed, 13 insertions(+)
Successfully cherry-picked 99c0a2671044fe6c857fcbd24a595e050d98f64a
----------------------------------------
Cherry-picking f4169c4e91eb0f33a17e8c5c3bcbd6244166e697
The previous cherry-pick is now empty, possibly due to conflict resolution.
If you wish to commit it anyway, use:

    git commit --allow-empty

Otherwise, please use 'git cherry-pick --skip'
On branch main
Your branch is ahead of 'origin/main' by 9 commits.
  (use "git push" to publish your local commits)

You are currently cherry-picking commit f4169c4e91eb.
  (all conflicts fixed: run "git cherry-pick --continue")
  (use "git cherry-pick --skip" to skip this patch)
  (use "git cherry-pick --abort" to cancel the cherry-pick operation)

Untracked files:
  (use "git add <file>..." to include in what will be committed)
	auto-cherry-pick.sh
	cherry_pick_20250705_180810.log

nothing added to commit but untracked files present (use "git add" to track)
Conflict or error during cherry-pick of f4169c4e91eb0f33a17e8c5c3bcbd6244166e697
No conflicted files found but cherry-pick failed. Exiting.
