Cherry-picking from 3a156abd24346a3188eb7e88cf86386a409e0d02 to c5d214f6f7937b271afa7342a5630fc4b7aa9845
----------------------------------------
Cherry-picking 3a156abd24346a3188eb7e88cf86386a409e0d02
error: your local changes would be overwritten by cherry-pick.
hint: commit your changes or stash them to proceed.
fatal: cherry-pick failed
Conflict or error during cherry-pick of 3a156abd24346a3188eb7e88cf86386a409e0d02
No conflicted files found but cherry-pick failed, attempting to skip commit 3a156abd24346a3188eb7e88cf86386a409e0d02
----------------------------------------
Cherry-picking 9e06953ee2a406c4bf4ff08c700d3ce1254974d1
The previous cherry-pick is now empty, possibly due to conflict resolution.
If you wish to commit it anyway, use:

    git commit --allow-empty

Otherwise, please use 'git cherry-pick --skip'
On branch main
Your branch is ahead of 'origin/main' by 32 commits.
  (use "git push" to publish your local commits)

You are currently cherry-picking commit 9e06953ee2a4.
  (all conflicts fixed: run "git cherry-pick --continue")
  (use "git cherry-pick --skip" to skip this patch)
  (use "git cherry-pick --abort" to cancel the cherry-pick operation)

Changes not staged for commit:
  (use "git add <file>..." to update what will be committed)
  (use "git restore <file>..." to discard changes in working directory)
	modified:   auto-cherry-pick.sh

Untracked files:
  (use "git add <file>..." to include in what will be committed)
	cherry_pick_20250705_181651.log

no changes added to commit (use "git add" and/or "git commit -a")
Conflict or error during cherry-pick of 9e06953ee2a406c4bf4ff08c700d3ce1254974d1
No conflicted files found but cherry-pick failed, attempting to skip commit 9e06953ee2a406c4bf4ff08c700d3ce1254974d1
----------------------------------------
Cherry-picking a42f149865da48f25e5a49ca344dbcad61b66ae1
The previous cherry-pick is now empty, possibly due to conflict resolution.
If you wish to commit it anyway, use:

    git commit --allow-empty

Otherwise, please use 'git cherry-pick --skip'
On branch main
Your branch is ahead of 'origin/main' by 32 commits.
  (use "git push" to publish your local commits)

You are currently cherry-picking commit a42f149865da.
  (all conflicts fixed: run "git cherry-pick --continue")
  (use "git cherry-pick --skip" to skip this patch)
  (use "git cherry-pick --abort" to cancel the cherry-pick operation)

Changes not staged for commit:
  (use "git add <file>..." to update what will be committed)
  (use "git restore <file>..." to discard changes in working directory)
	modified:   auto-cherry-pick.sh

Untracked files:
  (use "git add <file>..." to include in what will be committed)
	cherry_pick_20250705_181651.log

no changes added to commit (use "git add" and/or "git commit -a")
Conflict or error during cherry-pick of a42f149865da48f25e5a49ca344dbcad61b66ae1
No conflicted files found but cherry-pick failed, attempting to skip commit a42f149865da48f25e5a49ca344dbcad61b66ae1
----------------------------------------
Cherry-picking 12273ec840cc67b2ec469ee5f5214559357436bb
The previous cherry-pick is now empty, possibly due to conflict resolution.
If you wish to commit it anyway, use:

    git commit --allow-empty

Otherwise, please use 'git cherry-pick --skip'
On branch main
Your branch is ahead of 'origin/main' by 32 commits.
  (use "git push" to publish your local commits)

You are currently cherry-picking commit 12273ec840cc.
  (all conflicts fixed: run "git cherry-pick --continue")
  (use "git cherry-pick --skip" to skip this patch)
  (use "git cherry-pick --abort" to cancel the cherry-pick operation)

Changes not staged for commit:
  (use "git add <file>..." to update what will be committed)
  (use "git restore <file>..." to discard changes in working directory)
	modified:   auto-cherry-pick.sh

Untracked files:
  (use "git add <file>..." to include in what will be committed)
	cherry_pick_20250705_181651.log

no changes added to commit (use "git add" and/or "git commit -a")
Conflict or error during cherry-pick of 12273ec840cc67b2ec469ee5f5214559357436bb
No conflicted files found but cherry-pick failed, attempting to skip commit 12273ec840cc67b2ec469ee5f5214559357436bb
----------------------------------------
Cherry-picking 8d75cc141d702ebc280dde2b32b50cfdea3a02b3
The previous cherry-pick is now empty, possibly due to conflict resolution.
If you wish to commit it anyway, use:

    git commit --allow-empty

Otherwise, please use 'git cherry-pick --skip'
On branch main
Your branch is ahead of 'origin/main' by 32 commits.
  (use "git push" to publish your local commits)

You are currently cherry-picking commit 8d75cc141d70.
  (all conflicts fixed: run "git cherry-pick --continue")
  (use "git cherry-pick --skip" to skip this patch)
  (use "git cherry-pick --abort" to cancel the cherry-pick operation)

Changes not staged for commit:
  (use "git add <file>..." to update what will be committed)
  (use "git restore <file>..." to discard changes in working directory)
	modified:   auto-cherry-pick.sh

Untracked files:
  (use "git add <file>..." to include in what will be committed)
	cherry_pick_20250705_181651.log

no changes added to commit (use "git add" and/or "git commit -a")
Conflict or error during cherry-pick of 8d75cc141d702ebc280dde2b32b50cfdea3a02b3
No conflicted files found but cherry-pick failed, attempting to skip commit 8d75cc141d702ebc280dde2b32b50cfdea3a02b3
----------------------------------------
Cherry-picking 5502de13f91db625b063cb9d0793c7391f38452d
The previous cherry-pick is now empty, possibly due to conflict resolution.
If you wish to commit it anyway, use:

    git commit --allow-empty

Otherwise, please use 'git cherry-pick --skip'
On branch main
Your branch is ahead of 'origin/main' by 32 commits.
  (use "git push" to publish your local commits)

You are currently cherry-picking commit 5502de13f91d.
  (all conflicts fixed: run "git cherry-pick --continue")
  (use "git cherry-pick --skip" to skip this patch)
  (use "git cherry-pick --abort" to cancel the cherry-pick operation)

Changes not staged for commit:
  (use "git add <file>..." to update what will be committed)
  (use "git restore <file>..." to discard changes in working directory)
	modified:   auto-cherry-pick.sh

Untracked files:
  (use "git add <file>..." to include in what will be committed)
	cherry_pick_20250705_181651.log

no changes added to commit (use "git add" and/or "git commit -a")
Conflict or error during cherry-pick of 5502de13f91db625b063cb9d0793c7391f38452d
No conflicted files found but cherry-pick failed, attempting to skip commit 5502de13f91db625b063cb9d0793c7391f38452d
----------------------------------------
Cherry-picking 83c212df7794563a2f45a3be8fbc097e352b2c3a
The previous cherry-pick is now empty, possibly due to conflict resolution.
If you wish to commit it anyway, use:

    git commit --allow-empty

Otherwise, please use 'git cherry-pick --skip'
On branch main
Your branch is ahead of 'origin/main' by 32 commits.
  (use "git push" to publish your local commits)

You are currently cherry-picking commit 83c212df7794.
  (all conflicts fixed: run "git cherry-pick --continue")
  (use "git cherry-pick --skip" to skip this patch)
  (use "git cherry-pick --abort" to cancel the cherry-pick operation)

Changes not staged for commit:
  (use "git add <file>..." to update what will be committed)
  (use "git restore <file>..." to discard changes in working directory)
	modified:   auto-cherry-pick.sh

Untracked files:
  (use "git add <file>..." to include in what will be committed)
	cherry_pick_20250705_181651.log

no changes added to commit (use "git add" and/or "git commit -a")
Conflict or error during cherry-pick of 83c212df7794563a2f45a3be8fbc097e352b2c3a
No conflicted files found but cherry-pick failed, attempting to skip commit 83c212df7794563a2f45a3be8fbc097e352b2c3a
----------------------------------------
Cherry-picking fd4a641bb5731c0ce5397698560a823602dbaac2
Auto-merging arch/x86/kvm/x86.c
The previous cherry-pick is now empty, possibly due to conflict resolution.
If you wish to commit it anyway, use:

    git commit --allow-empty

Otherwise, please use 'git cherry-pick --skip'
On branch main
Your branch is ahead of 'origin/main' by 32 commits.
  (use "git push" to publish your local commits)

You are currently cherry-picking commit fd4a641bb573.
  (all conflicts fixed: run "git cherry-pick --continue")
  (use "git cherry-pick --skip" to skip this patch)
  (use "git cherry-pick --abort" to cancel the cherry-pick operation)

Changes not staged for commit:
  (use "git add <file>..." to update what will be committed)
  (use "git restore <file>..." to discard changes in working directory)
	modified:   auto-cherry-pick.sh

Untracked files:
  (use "git add <file>..." to include in what will be committed)
	cherry_pick_20250705_181651.log

no changes added to commit (use "git add" and/or "git commit -a")
Conflict or error during cherry-pick of fd4a641bb5731c0ce5397698560a823602dbaac2
No conflicted files found but cherry-pick failed, attempting to skip commit fd4a641bb5731c0ce5397698560a823602dbaac2
----------------------------------------
Cherry-picking 99c0a2671044fe6c857fcbd24a595e050d98f64a
The previous cherry-pick is now empty, possibly due to conflict resolution.
If you wish to commit it anyway, use:

    git commit --allow-empty

Otherwise, please use 'git cherry-pick --skip'
On branch main
Your branch is ahead of 'origin/main' by 32 commits.
  (use "git push" to publish your local commits)

You are currently cherry-picking commit 99c0a2671044.
  (all conflicts fixed: run "git cherry-pick --continue")
  (use "git cherry-pick --skip" to skip this patch)
  (use "git cherry-pick --abort" to cancel the cherry-pick operation)

Changes not staged for commit:
  (use "git add <file>..." to update what will be committed)
  (use "git restore <file>..." to discard changes in working directory)
	modified:   auto-cherry-pick.sh

Untracked files:
  (use "git add <file>..." to include in what will be committed)
	cherry_pick_20250705_181651.log

no changes added to commit (use "git add" and/or "git commit -a")
Conflict or error during cherry-pick of 99c0a2671044fe6c857fcbd24a595e050d98f64a
No conflicted files found but cherry-pick failed, attempting to skip commit 99c0a2671044fe6c857fcbd24a595e050d98f64a
----------------------------------------
Cherry-picking f4169c4e91eb0f33a17e8c5c3bcbd6244166e697
The previous cherry-pick is now empty, possibly due to conflict resolution.
If you wish to commit it anyway, use:

    git commit --allow-empty

Otherwise, please use 'git cherry-pick --skip'
On branch main
Your branch is ahead of 'origin/main' by 32 commits.
  (use "git push" to publish your local commits)

You are currently cherry-picking commit f4169c4e91eb.
  (all conflicts fixed: run "git cherry-pick --continue")
  (use "git cherry-pick --skip" to skip this patch)
  (use "git cherry-pick --abort" to cancel the cherry-pick operation)

Changes not staged for commit:
  (use "git add <file>..." to update what will be committed)
  (use "git restore <file>..." to discard changes in working directory)
	modified:   auto-cherry-pick.sh

Untracked files:
  (use "git add <file>..." to include in what will be committed)
	cherry_pick_20250705_181651.log

no changes added to commit (use "git add" and/or "git commit -a")
Conflict or error during cherry-pick of f4169c4e91eb0f33a17e8c5c3bcbd6244166e697
No conflicted files found but cherry-pick failed, attempting to skip commit f4169c4e91eb0f33a17e8c5c3bcbd6244166e697
----------------------------------------
Cherry-picking 46ee09819f35272a7107ca06a5b577ebf03f7326
Auto-merging arch/arm/kernel/hw_breakpoint.c
The previous cherry-pick is now empty, possibly due to conflict resolution.
If you wish to commit it anyway, use:

    git commit --allow-empty

Otherwise, please use 'git cherry-pick --skip'
On branch main
Your branch is ahead of 'origin/main' by 32 commits.
  (use "git push" to publish your local commits)

You are currently cherry-picking commit 46ee09819f35.
  (all conflicts fixed: run "git cherry-pick --continue")
  (use "git cherry-pick --skip" to skip this patch)
  (use "git cherry-pick --abort" to cancel the cherry-pick operation)

Changes not staged for commit:
  (use "git add <file>..." to update what will be committed)
  (use "git restore <file>..." to discard changes in working directory)
	modified:   auto-cherry-pick.sh

Untracked files:
  (use "git add <file>..." to include in what will be committed)
	cherry_pick_20250705_181651.log

no changes added to commit (use "git add" and/or "git commit -a")
Conflict or error during cherry-pick of 46ee09819f35272a7107ca06a5b577ebf03f7326
No conflicted files found but cherry-pick failed, attempting to skip commit 46ee09819f35272a7107ca06a5b577ebf03f7326
----------------------------------------
Cherry-picking 2fda665f0a26bd60e091f9162495f128896aa531
The previous cherry-pick is now empty, possibly due to conflict resolution.
If you wish to commit it anyway, use:

    git commit --allow-empty

Otherwise, please use 'git cherry-pick --skip'
On branch main
Your branch is ahead of 'origin/main' by 32 commits.
  (use "git push" to publish your local commits)

You are currently cherry-picking commit 2fda665f0a26.
  (all conflicts fixed: run "git cherry-pick --continue")
  (use "git cherry-pick --skip" to skip this patch)
  (use "git cherry-pick --abort" to cancel the cherry-pick operation)

Changes not staged for commit:
  (use "git add <file>..." to update what will be committed)
  (use "git restore <file>..." to discard changes in working directory)
	modified:   auto-cherry-pick.sh

Untracked files:
  (use "git add <file>..." to include in what will be committed)
	cherry_pick_20250705_181651.log

no changes added to commit (use "git add" and/or "git commit -a")
Conflict or error during cherry-pick of 2fda665f0a26bd60e091f9162495f128896aa531
No conflicted files found but cherry-pick failed, attempting to skip commit 2fda665f0a26bd60e091f9162495f128896aa531
----------------------------------------
Cherry-picking 00cf08b009e56555e69b5d9d307577856a9a0114
Auto-merging drivers/gpu/drm/drm_gem.c
The previous cherry-pick is now empty, possibly due to conflict resolution.
If you wish to commit it anyway, use:

    git commit --allow-empty

Otherwise, please use 'git cherry-pick --skip'
On branch main
Your branch is ahead of 'origin/main' by 32 commits.
  (use "git push" to publish your local commits)

You are currently cherry-picking commit 00cf08b009e5.
  (all conflicts fixed: run "git cherry-pick --continue")
  (use "git cherry-pick --skip" to skip this patch)
  (use "git cherry-pick --abort" to cancel the cherry-pick operation)

Changes not staged for commit:
  (use "git add <file>..." to update what will be committed)
  (use "git restore <file>..." to discard changes in working directory)
	modified:   auto-cherry-pick.sh

Untracked files:
  (use "git add <file>..." to include in what will be committed)
	cherry_pick_20250705_181651.log

no changes added to commit (use "git add" and/or "git commit -a")
Conflict or error during cherry-pick of 00cf08b009e56555e69b5d9d307577856a9a0114
No conflicted files found but cherry-pick failed, attempting to skip commit 00cf08b009e56555e69b5d9d307577856a9a0114
----------------------------------------
Cherry-picking bc08d46f010ccf05817c0f53ba4226de20645a36
Auto-merging fs/f2fs/dir.c
CONFLICT (content): Merge conflict in fs/f2fs/dir.c
error: could not apply bc08d46f010c... f2fs: check memory boundary by insane namelen
hint: After resolving the conflicts, mark them with
hint: "git add/rm <pathspec>", then run
hint: "git cherry-pick --continue".
hint: You can instead skip this commit with "git cherry-pick --skip".
hint: To abort and get back to the state before "git cherry-pick",
hint: run "git cherry-pick --abort".
Conflict or error during cherry-pick of bc08d46f010ccf05817c0f53ba4226de20645a36
Auto-resolving conflicts by accepting incoming changes...
[main 0119ea4ff9cb] f2fs: check memory boundary by insane namelen
 Author: Jaegeuk Kim <jaegeuk@kernel.org>
 Date: Wed Nov 14 12:40:30 2018 -0800
 3 files changed, 376 insertions(+), 3 deletions(-)
 create mode 100644 cherry_pick_20250705_181651.log
----------------------------------------
Cherry-picking 6a27f426266ac0d29faa95bed8934afeef1f9d13
[main 3d16bd11474a] f2fs: check if file namelen exceeds max value
 Author: Sheng Yong <shengyong1@huawei.com>
 Date: Mon Jan 7 15:02:34 2019 +0800
 1 file changed, 2 insertions(+), 1 deletion(-)
Successfully cherry-picked 6a27f426266ac0d29faa95bed8934afeef1f9d13
----------------------------------------
Cherry-picking d1f7217b7a75cb7f59b295d7ceab1776a0affe95
Auto-merging net/9p/trans_fd.c
CONFLICT (content): Merge conflict in net/9p/trans_fd.c
error: could not apply d1f7217b7a75... 9p/trans_fd: abort p9_read_work if req status changed
hint: After resolving the conflicts, mark them with
hint: "git add/rm <pathspec>", then run
hint: "git cherry-pick --continue".
hint: You can instead skip this commit with "git cherry-pick --skip".
hint: To abort and get back to the state before "git cherry-pick",
hint: run "git cherry-pick --abort".
Conflict or error during cherry-pick of d1f7217b7a75cb7f59b295d7ceab1776a0affe95
Auto-resolving conflicts by accepting incoming changes...
[main 692474256367] 9p/trans_fd: abort p9_read_work if req status changed
 Author: Dominique Martinet <dominique.martinet@cea.fr>
 Date: Tue Oct 9 11:18:52 2018 +0900
 2 files changed, 26 insertions(+), 14 deletions(-)
----------------------------------------
Cherry-picking 019221c5e5152b6417e7cd8bb98417fe9719fc4c
[main 84ba4d5c1657] 9p/trans_fd: Fix concurrency del of req_list in p9_fd_cancelled/p9_read_work
 Author: Wang Hai <wanghai38@huawei.com>
 Date: Fri Jun 12 17:08:33 2020 +0800
 1 file changed, 14 insertions(+), 1 deletion(-)
Successfully cherry-picked 019221c5e5152b6417e7cd8bb98417fe9719fc4c
----------------------------------------
Cherry-picking 53993bba307dbfaaaa04b52888081114a77e72bf
Auto-merging arch/x86/kernel/vmlinux.lds.S
CONFLICT (content): Merge conflict in arch/x86/kernel/vmlinux.lds.S
error: could not apply 53993bba307d... x86/build/lto: Fix truncated .bss with -fdata-sections
hint: After resolving the conflicts, mark them with
hint: "git add/rm <pathspec>", then run
hint: "git cherry-pick --continue".
hint: You can instead skip this commit with "git cherry-pick --skip".
hint: To abort and get back to the state before "git cherry-pick",
hint: run "git cherry-pick --abort".
Conflict or error during cherry-pick of 53993bba307dbfaaaa04b52888081114a77e72bf
Auto-resolving conflicts by accepting incoming changes...
[main d9095c8b42ba] x86/build/lto: Fix truncated .bss with -fdata-sections
 Author: Sami Tolvanen <samitolvanen@google.com>
 Date: Mon Apr 15 09:49:56 2019 -0700
 2 files changed, 27 insertions(+), 13 deletions(-)
----------------------------------------
Cherry-picking 88f3814ffed51b37bda02642a3f93f8a979fb6e2
Auto-merging include/asm-generic/vmlinux.lds.h
[main 86c249f3ab05] x86, vmlinux.lds: Page-align end of ..page_aligned sections
 Author: Joerg Roedel <jroedel@suse.de>
 Date: Tue Jul 21 11:34:48 2020 +0200
 1 file changed, 1 insertion(+)
Successfully cherry-picked 88f3814ffed51b37bda02642a3f93f8a979fb6e2
----------------------------------------
Cherry-picking 4b49b16999d4f875d1ba3bdf9e8e001d64b08d5e
The previous cherry-pick is now empty, possibly due to conflict resolution.
If you wish to commit it anyway, use:

    git commit --allow-empty

Otherwise, please use 'git cherry-pick --skip'
On branch main
Your branch is ahead of 'origin/main' by 38 commits.
  (use "git push" to publish your local commits)

You are currently cherry-picking commit 4b49b16999d4.
  (all conflicts fixed: run "git cherry-pick --continue")
  (use "git cherry-pick --skip" to skip this patch)
  (use "git cherry-pick --abort" to cancel the cherry-pick operation)

Changes not staged for commit:
  (use "git add <file>..." to update what will be committed)
  (use "git restore <file>..." to discard changes in working directory)
	modified:   cherry_pick_20250705_181651.log

no changes added to commit (use "git add" and/or "git commit -a")
Conflict or error during cherry-pick of 4b49b16999d4f875d1ba3bdf9e8e001d64b08d5e
No conflicted files found but cherry-pick failed, attempting to skip commit 4b49b16999d4f875d1ba3bdf9e8e001d64b08d5e
----------------------------------------
Cherry-picking 880e98b1abec52b23e9481312596d54dfa614bcd
The previous cherry-pick is now empty, possibly due to conflict resolution.
If you wish to commit it anyway, use:

    git commit --allow-empty

Otherwise, please use 'git cherry-pick --skip'
On branch main
Your branch is ahead of 'origin/main' by 38 commits.
  (use "git push" to publish your local commits)

You are currently cherry-picking commit 880e98b1abec.
  (all conflicts fixed: run "git cherry-pick --continue")
  (use "git cherry-pick --skip" to skip this patch)
  (use "git cherry-pick --abort" to cancel the cherry-pick operation)

Changes not staged for commit:
  (use "git add <file>..." to update what will be committed)
  (use "git restore <file>..." to discard changes in working directory)
	modified:   cherry_pick_20250705_181651.log

no changes added to commit (use "git add" and/or "git commit -a")
Conflict or error during cherry-pick of 880e98b1abec52b23e9481312596d54dfa614bcd
No conflicted files found but cherry-pick failed, attempting to skip commit 880e98b1abec52b23e9481312596d54dfa614bcd
----------------------------------------
Cherry-picking f0b6ce595c397a91d5b62c6b0b5ea93b84191795
Auto-merging net/x25/x25_subr.c
CONFLICT (content): Merge conflict in net/x25/x25_subr.c
error: could not apply f0b6ce595c39... net/x25: Fix x25_neigh refcnt leak when x25 disconnect
hint: After resolving the conflicts, mark them with
hint: "git add/rm <pathspec>", then run
hint: "git cherry-pick --continue".
hint: You can instead skip this commit with "git cherry-pick --skip".
hint: To abort and get back to the state before "git cherry-pick",
hint: run "git cherry-pick --abort".
Conflict or error during cherry-pick of f0b6ce595c397a91d5b62c6b0b5ea93b84191795
Auto-resolving conflicts by accepting incoming changes...
[main 38aa86982944] net/x25: Fix x25_neigh refcnt leak when x25 disconnect
 Author: Xiyu Yang <xiyuyang19@fudan.edu.cn>
 Date: Sat Apr 25 21:06:25 2020 +0800
 2 files changed, 79 insertions(+), 6 deletions(-)
----------------------------------------
Cherry-picking f2bfdab9ae92cac7b18556bc8507c98017d6a1ad
[main 33b6833a81dd] net/x25: Fix null-ptr-deref in x25_disconnect
 Author: YueHaibing <yuehaibing@huawei.com>
 Date: Tue Apr 28 16:12:08 2020 +0800
 1 file changed, 6 insertions(+), 4 deletions(-)
Successfully cherry-picked f2bfdab9ae92cac7b18556bc8507c98017d6a1ad
----------------------------------------
Cherry-picking f8b892f4ecf5bcc5840a28d65ae9ea3815aca2bd
The previous cherry-pick is now empty, possibly due to conflict resolution.
If you wish to commit it anyway, use:

    git commit --allow-empty

Otherwise, please use 'git cherry-pick --skip'
On branch main
Your branch is ahead of 'origin/main' by 40 commits.
  (use "git push" to publish your local commits)

You are currently cherry-picking commit f8b892f4ecf5.
  (all conflicts fixed: run "git cherry-pick --continue")
  (use "git cherry-pick --skip" to skip this patch)
  (use "git cherry-pick --abort" to cancel the cherry-pick operation)

Changes not staged for commit:
  (use "git add <file>..." to update what will be committed)
  (use "git restore <file>..." to discard changes in working directory)
	modified:   cherry_pick_20250705_181651.log

no changes added to commit (use "git add" and/or "git commit -a")
Conflict or error during cherry-pick of f8b892f4ecf5bcc5840a28d65ae9ea3815aca2bd
No conflicted files found but cherry-pick failed, attempting to skip commit f8b892f4ecf5bcc5840a28d65ae9ea3815aca2bd
----------------------------------------
Cherry-picking 0269709542e25bbc7746b5a7a53e9e16fbf10f68
The previous cherry-pick is now empty, possibly due to conflict resolution.
If you wish to commit it anyway, use:

    git commit --allow-empty

Otherwise, please use 'git cherry-pick --skip'
On branch main
Your branch is ahead of 'origin/main' by 40 commits.
  (use "git push" to publish your local commits)

You are currently cherry-picking commit 0269709542e2.
  (all conflicts fixed: run "git cherry-pick --continue")
  (use "git cherry-pick --skip" to skip this patch)
  (use "git cherry-pick --abort" to cancel the cherry-pick operation)

Changes not staged for commit:
  (use "git add <file>..." to update what will be committed)
  (use "git restore <file>..." to discard changes in working directory)
	modified:   cherry_pick_20250705_181651.log

no changes added to commit (use "git add" and/or "git commit -a")
Conflict or error during cherry-pick of 0269709542e25bbc7746b5a7a53e9e16fbf10f68
No conflicted files found but cherry-pick failed, attempting to skip commit 0269709542e25bbc7746b5a7a53e9e16fbf10f68
----------------------------------------
Cherry-picking 399cb287e12da41ab79bdd8a2301b36c715dc7e6
Auto-merging drivers/net/usb/lan78xx.c
The previous cherry-pick is now empty, possibly due to conflict resolution.
If you wish to commit it anyway, use:

    git commit --allow-empty

Otherwise, please use 'git cherry-pick --skip'
On branch main
Your branch is ahead of 'origin/main' by 40 commits.
  (use "git push" to publish your local commits)

You are currently cherry-picking commit 399cb287e12d.
  (all conflicts fixed: run "git cherry-pick --continue")
  (use "git cherry-pick --skip" to skip this patch)
  (use "git cherry-pick --abort" to cancel the cherry-pick operation)

Changes not staged for commit:
  (use "git add <file>..." to update what will be committed)
  (use "git restore <file>..." to discard changes in working directory)
	modified:   cherry_pick_20250705_181651.log

no changes added to commit (use "git add" and/or "git commit -a")
Conflict or error during cherry-pick of 399cb287e12da41ab79bdd8a2301b36c715dc7e6
No conflicted files found but cherry-pick failed, attempting to skip commit 399cb287e12da41ab79bdd8a2301b36c715dc7e6
----------------------------------------
Cherry-picking 3c00fe927003024cf69e22d065fb095bb0bf7a0f
The previous cherry-pick is now empty, possibly due to conflict resolution.
If you wish to commit it anyway, use:

    git commit --allow-empty

Otherwise, please use 'git cherry-pick --skip'
On branch main
Your branch is ahead of 'origin/main' by 40 commits.
  (use "git push" to publish your local commits)

You are currently cherry-picking commit 3c00fe927003.
  (all conflicts fixed: run "git cherry-pick --continue")
  (use "git cherry-pick --skip" to skip this patch)
  (use "git cherry-pick --abort" to cancel the cherry-pick operation)

Changes not staged for commit:
  (use "git add <file>..." to update what will be committed)
  (use "git restore <file>..." to discard changes in working directory)
	modified:   cherry_pick_20250705_181651.log

no changes added to commit (use "git add" and/or "git commit -a")
Conflict or error during cherry-pick of 3c00fe927003024cf69e22d065fb095bb0bf7a0f
No conflicted files found but cherry-pick failed, attempting to skip commit 3c00fe927003024cf69e22d065fb095bb0bf7a0f
----------------------------------------
Cherry-picking a4bdf2cd63b5f14e16791e69927a92232523e1a3
The previous cherry-pick is now empty, possibly due to conflict resolution.
If you wish to commit it anyway, use:

    git commit --allow-empty

Otherwise, please use 'git cherry-pick --skip'
On branch main
Your branch is ahead of 'origin/main' by 40 commits.
  (use "git push" to publish your local commits)

You are currently cherry-picking commit a4bdf2cd63b5.
  (all conflicts fixed: run "git cherry-pick --continue")
  (use "git cherry-pick --skip" to skip this patch)
  (use "git cherry-pick --abort" to cancel the cherry-pick operation)

Changes not staged for commit:
  (use "git add <file>..." to update what will be committed)
  (use "git restore <file>..." to discard changes in working directory)
	modified:   cherry_pick_20250705_181651.log

no changes added to commit (use "git add" and/or "git commit -a")
Conflict or error during cherry-pick of a4bdf2cd63b5f14e16791e69927a92232523e1a3
No conflicted files found but cherry-pick failed, attempting to skip commit a4bdf2cd63b5f14e16791e69927a92232523e1a3
----------------------------------------
Cherry-picking 6e0fdf004d8539df351f3a33e45e01575352b61c
Auto-merging drivers/net/ethernet/mellanox/mlxsw/core.c
The previous cherry-pick is now empty, possibly due to conflict resolution.
If you wish to commit it anyway, use:

    git commit --allow-empty

Otherwise, please use 'git cherry-pick --skip'
On branch main
Your branch is ahead of 'origin/main' by 40 commits.
  (use "git push" to publish your local commits)

You are currently cherry-picking commit 6e0fdf004d85.
  (all conflicts fixed: run "git cherry-pick --continue")
  (use "git cherry-pick --skip" to skip this patch)
  (use "git cherry-pick --abort" to cancel the cherry-pick operation)

Changes not staged for commit:
  (use "git add <file>..." to update what will be committed)
  (use "git restore <file>..." to discard changes in working directory)
	modified:   cherry_pick_20250705_181651.log

no changes added to commit (use "git add" and/or "git commit -a")
Conflict or error during cherry-pick of 6e0fdf004d8539df351f3a33e45e01575352b61c
No conflicted files found but cherry-pick failed, attempting to skip commit 6e0fdf004d8539df351f3a33e45e01575352b61c
----------------------------------------
Cherry-picking 2d32ef087f4e30b91dd6f409853c62dbc9aa0b5e
Auto-merging drivers/net/ethernet/mellanox/mlxsw/core.c
The previous cherry-pick is now empty, possibly due to conflict resolution.
If you wish to commit it anyway, use:

    git commit --allow-empty

Otherwise, please use 'git cherry-pick --skip'
On branch main
Your branch is ahead of 'origin/main' by 40 commits.
  (use "git push" to publish your local commits)

You are currently cherry-picking commit 2d32ef087f4e.
  (all conflicts fixed: run "git cherry-pick --continue")
  (use "git cherry-pick --skip" to skip this patch)
  (use "git cherry-pick --abort" to cancel the cherry-pick operation)

Changes not staged for commit:
  (use "git add <file>..." to update what will be committed)
  (use "git restore <file>..." to discard changes in working directory)
	modified:   cherry_pick_20250705_181651.log

no changes added to commit (use "git add" and/or "git commit -a")
Conflict or error during cherry-pick of 2d32ef087f4e30b91dd6f409853c62dbc9aa0b5e
No conflicted files found but cherry-pick failed, attempting to skip commit 2d32ef087f4e30b91dd6f409853c62dbc9aa0b5e
----------------------------------------
Cherry-picking 8091ddc0695e3737530158589e109c6562c500a0
The previous cherry-pick is now empty, possibly due to conflict resolution.
If you wish to commit it anyway, use:

    git commit --allow-empty

Otherwise, please use 'git cherry-pick --skip'
On branch main
Your branch is ahead of 'origin/main' by 40 commits.
  (use "git push" to publish your local commits)

You are currently cherry-picking commit 8091ddc0695e.
  (all conflicts fixed: run "git cherry-pick --continue")
  (use "git cherry-pick --skip" to skip this patch)
  (use "git cherry-pick --abort" to cancel the cherry-pick operation)

Changes not staged for commit:
  (use "git add <file>..." to update what will be committed)
  (use "git restore <file>..." to discard changes in working directory)
	modified:   cherry_pick_20250705_181651.log

no changes added to commit (use "git add" and/or "git commit -a")
Conflict or error during cherry-pick of 8091ddc0695e3737530158589e109c6562c500a0
No conflicted files found but cherry-pick failed, attempting to skip commit 8091ddc0695e3737530158589e109c6562c500a0
----------------------------------------
Cherry-picking e1aa01195b82a5a8354c9b87746097866f3693de
Auto-merging kernel/bpf/hashtab.c
The previous cherry-pick is now empty, possibly due to conflict resolution.
If you wish to commit it anyway, use:

    git commit --allow-empty

Otherwise, please use 'git cherry-pick --skip'
On branch main
Your branch is ahead of 'origin/main' by 40 commits.
  (use "git push" to publish your local commits)

You are currently cherry-picking commit e1aa01195b82.
  (all conflicts fixed: run "git cherry-pick --continue")
  (use "git cherry-pick --skip" to skip this patch)
  (use "git cherry-pick --abort" to cancel the cherry-pick operation)

Changes not staged for commit:
  (use "git add <file>..." to update what will be committed)
  (use "git restore <file>..." to discard changes in working directory)
	modified:   cherry_pick_20250705_181651.log

no changes added to commit (use "git add" and/or "git commit -a")
Conflict or error during cherry-pick of e1aa01195b82a5a8354c9b87746097866f3693de
No conflicted files found but cherry-pick failed, attempting to skip commit e1aa01195b82a5a8354c9b87746097866f3693de
----------------------------------------
Cherry-picking 86e7d4cd2ed5f4b0188afce8199faffcf1ae7c7e
The previous cherry-pick is now empty, possibly due to conflict resolution.
If you wish to commit it anyway, use:

    git commit --allow-empty

Otherwise, please use 'git cherry-pick --skip'
On branch main
Your branch is ahead of 'origin/main' by 40 commits.
  (use "git push" to publish your local commits)

You are currently cherry-picking commit 86e7d4cd2ed5.
  (all conflicts fixed: run "git cherry-pick --continue")
  (use "git cherry-pick --skip" to skip this patch)
  (use "git cherry-pick --abort" to cancel the cherry-pick operation)

Changes not staged for commit:
  (use "git add <file>..." to update what will be committed)
  (use "git restore <file>..." to discard changes in working directory)
	modified:   cherry_pick_20250705_181651.log

no changes added to commit (use "git add" and/or "git commit -a")
Conflict or error during cherry-pick of 86e7d4cd2ed5f4b0188afce8199faffcf1ae7c7e
No conflicted files found but cherry-pick failed, attempting to skip commit 86e7d4cd2ed5f4b0188afce8199faffcf1ae7c7e
----------------------------------------
Cherry-picking b0cf0beeb6619a7e876e101bcb044eb803b876fa
The previous cherry-pick is now empty, possibly due to conflict resolution.
If you wish to commit it anyway, use:

    git commit --allow-empty

Otherwise, please use 'git cherry-pick --skip'
On branch main
Your branch is ahead of 'origin/main' by 40 commits.
  (use "git push" to publish your local commits)

You are currently cherry-picking commit b0cf0beeb661.
  (all conflicts fixed: run "git cherry-pick --continue")
  (use "git cherry-pick --skip" to skip this patch)
  (use "git cherry-pick --abort" to cancel the cherry-pick operation)

Changes not staged for commit:
  (use "git add <file>..." to update what will be committed)
  (use "git restore <file>..." to discard changes in working directory)
	modified:   cherry_pick_20250705_181651.log

no changes added to commit (use "git add" and/or "git commit -a")
Conflict or error during cherry-pick of b0cf0beeb6619a7e876e101bcb044eb803b876fa
No conflicted files found but cherry-pick failed, attempting to skip commit b0cf0beeb6619a7e876e101bcb044eb803b876fa
----------------------------------------
Cherry-picking a15a67e3eb42af79d0b0470578d19462ce9c68ad
Auto-merging arch/arm64/include/asm/alternative.h
CONFLICT (content): Merge conflict in arch/arm64/include/asm/alternative.h
error: could not apply a15a67e3eb42... arm64/alternatives: move length validation inside the subsection
hint: After resolving the conflicts, mark them with
hint: "git add/rm <pathspec>", then run
hint: "git cherry-pick --continue".
hint: You can instead skip this commit with "git cherry-pick --skip".
hint: To abort and get back to the state before "git cherry-pick",
hint: run "git cherry-pick --abort".
Conflict or error during cherry-pick of a15a67e3eb42af79d0b0470578d19462ce9c68ad
Auto-resolving conflicts by accepting incoming changes...
[main 5d537fae0c05] arm64/alternatives: move length validation inside the subsection
 Author: Sami Tolvanen <samitolvanen@google.com>
 Date: Thu Jul 30 08:37:01 2020 -0700
 2 files changed, 313 insertions(+), 15 deletions(-)
----------------------------------------
Cherry-picking 565089445b39c2c35f2cb977b50246291f568a78
[main 2f0aece20d28] arm64: csum: Fix handling of bad packets
 Author: Robin Murphy <robin.murphy@arm.com>
 Date: Thu Jul 30 10:56:49 2020 +0100
 1 file changed, 3 insertions(+), 2 deletions(-)
Successfully cherry-picked 565089445b39c2c35f2cb977b50246291f568a78
----------------------------------------
Cherry-picking 9358267414ca4cefc73ddc29542ec5b1433cd3de
[main 51fc7689e0f9] usb: hso: Fix debug compile warning on sparc32
 Author: Geert Uytterhoeven <geert@linux-m68k.org>
 Date: Mon Jul 13 13:05:13 2020 +0200
 1 file changed, 3 insertions(+), 2 deletions(-)
Successfully cherry-picked 9358267414ca4cefc73ddc29542ec5b1433cd3de
----------------------------------------
Cherry-picking 5727ef24ba9d51ce21f49b92669dfdf03b31de59
[main f2b83df7f840] qed: Disable "MFW indication via attention" SPAM every 5 minutes
 Author: Laurence Oberman <loberman@redhat.com>
 Date: Tue Jul 14 18:08:05 2020 -0400
 1 file changed, 2 insertions(+), 1 deletion(-)
Successfully cherry-picked 5727ef24ba9d51ce21f49b92669dfdf03b31de59
----------------------------------------
Cherry-picking b10dc328b3c7892944693db2150c0bc340743f3f
[main 4bb9316d0ed5] nfc: s3fwrn5: add missing release on skb in s3fwrn5_recv_frame
 Author: Navid Emamdoost <navid.emamdoost@gmail.com>
 Date: Sat Jul 18 00:31:49 2020 -0500
 1 file changed, 1 insertion(+)
Successfully cherry-picked b10dc328b3c7892944693db2150c0bc340743f3f
----------------------------------------
Cherry-picking 9e3f4267f73ee3f747ae4826f7bdb171dbab2303
[main ffc4214567a7] parisc: add support for cmpxchg on u8 pointers
 Author: Liam Beguin <liambeguin@gmail.com>
 Date: Sat Jul 18 16:10:21 2020 -0400
 2 files changed, 14 insertions(+)
Successfully cherry-picked 9e3f4267f73ee3f747ae4826f7bdb171dbab2303
----------------------------------------
Cherry-picking 850a971a4e2955b966eead9910e375233b15e935
[main 3ad5b6fe1c4f] net: ethernet: ravb: exit if re-initialization fails in tx timeout
 Author: Yoshihiro Shimoda <yoshihiro.shimoda.uh@renesas.com>
 Date: Tue Jul 21 15:23:12 2020 +0900
 1 file changed, 24 insertions(+), 2 deletions(-)
Successfully cherry-picked 850a971a4e2955b966eead9910e375233b15e935
----------------------------------------
Cherry-picking 24bc07356c49789937026632363efbd83a3e368d
[main e8b02c131a94] Revert "i2c: cadence: Fix the hold bit setting"
 Author: Raviteja Narayanam <raviteja.narayanam@xilinx.com>
 Date: Fri Jul 3 19:25:49 2020 +0530
 1 file changed, 2 insertions(+), 7 deletions(-)
Successfully cherry-picked 24bc07356c49789937026632363efbd83a3e368d
----------------------------------------
Cherry-picking cc5324cc0cae449e232931623cb0436f1acbb3e6
[main 535a4919b525] x86/unwind/orc: Fix ORC for newly forked tasks
 Author: Josh Poimboeuf <jpoimboe@redhat.com>
 Date: Fri Jul 17 09:04:25 2020 -0500
 1 file changed, 6 insertions(+), 2 deletions(-)
Successfully cherry-picked cc5324cc0cae449e232931623cb0436f1acbb3e6
----------------------------------------
Cherry-picking 11e2db546c1bf909a0381415590c45bb5fb88d12
Auto-merging drivers/net/ethernet/chelsio/cxgb4/sge.c
[main d1de6961407a] cxgb4: add missing release on skb in uld_send()
 Author: Navid Emamdoost <navid.emamdoost@gmail.com>
 Date: Wed Jul 22 21:58:39 2020 -0500
 1 file changed, 1 insertion(+)
Successfully cherry-picked 11e2db546c1bf909a0381415590c45bb5fb88d12
----------------------------------------
Cherry-picking d1245833e0d7652ed5e2a3545f976cf086ee87e0
[main 1219a1c9c7f1] xen-netfront: fix potential deadlock in xennet_remove()
 Author: Andrea Righi <andrea.righi@canonical.com>
 Date: Fri Jul 24 10:59:10 2020 +0200
 1 file changed, 42 insertions(+), 22 deletions(-)
Successfully cherry-picked d1245833e0d7652ed5e2a3545f976cf086ee87e0
----------------------------------------
Cherry-picking ba53d9deccbac6e0670bd9b1849663ecda54d648
[main ad15aafeea0b] KVM: LAPIC: Prevent setting the tscdeadline timer if the lapic is hw disabled
 Author: Wanpeng Li <wanpengli@tencent.com>
 Date: Fri Jul 31 11:12:19 2020 +0800
 1 file changed, 1 insertion(+), 1 deletion(-)
Successfully cherry-picked ba53d9deccbac6e0670bd9b1849663ecda54d648
----------------------------------------
Cherry-picking ba6e4d6a92c9d02153861e5693665d4a89caf5d0
[main 97f3e47d2619] x86/i8259: Use printk_deferred() to prevent deadlock
 Author: Thomas Gleixner <tglx@linutronix.de>
 Date: Wed Jul 29 10:53:28 2020 +0200
 1 file changed, 1 insertion(+), 1 deletion(-)
Successfully cherry-picked ba6e4d6a92c9d02153861e5693665d4a89caf5d0
----------------------------------------
Cherry-picking ca4f2c56d4162a4a5236f2099b55453fb98296f9
Auto-merging Makefile
CONFLICT (content): Merge conflict in Makefile
error: could not apply ca4f2c56d416... Linux 4.14.192
hint: After resolving the conflicts, mark them with
hint: "git add/rm <pathspec>", then run
hint: "git cherry-pick --continue".
hint: You can instead skip this commit with "git cherry-pick --skip".
hint: To abort and get back to the state before "git cherry-pick",
hint: run "git cherry-pick --abort".
Conflict or error during cherry-pick of ca4f2c56d4162a4a5236f2099b55453fb98296f9
Auto-resolving conflicts by accepting incoming changes...
