Cherry-picking from 3a156abd24346a3188eb7e88cf86386a409e0d02 to c5d214f6f7937b271afa7342a5630fc4b7aa9845
----------------------------------------
Cherry-picking 3a156abd24346a3188eb7e88cf86386a409e0d02
The previous cherry-pick is now empty, possibly due to conflict resolution.
If you wish to commit it anyway, use:

    git commit --allow-empty

Otherwise, please use 'git cherry-pick --skip'
On branch main
Your branch is ahead of 'origin/main' by 9 commits.
  (use "git push" to publish your local commits)

You are currently cherry-picking commit 3a156abd2434.
  (all conflicts fixed: run "git cherry-pick --continue")
  (use "git cherry-pick --skip" to skip this patch)
  (use "git cherry-pick --abort" to cancel the cherry-pick operation)

Untracked files:
  (use "git add <file>..." to include in what will be committed)
	auto-cherry-pick.sh
	cherry_pick_20250705_180810.log
	cherry_pick_20250705_181331.log

nothing added to commit but untracked files present (use "git add" to track)
Conflict or error during cherry-pick of 3a156abd24346a3188eb7e88cf86386a409e0d02
No conflicted files found but cherry-pick failed, attempting to skip commit 3a156abd24346a3188eb7e88cf86386a409e0d02
----------------------------------------
Cherry-picking 9e06953ee2a406c4bf4ff08c700d3ce1254974d1
The previous cherry-pick is now empty, possibly due to conflict resolution.
If you wish to commit it anyway, use:

    git commit --allow-empty

Otherwise, please use 'git cherry-pick --skip'
On branch main
Your branch is ahead of 'origin/main' by 9 commits.
  (use "git push" to publish your local commits)

You are currently cherry-picking commit 9e06953ee2a4.
  (all conflicts fixed: run "git cherry-pick --continue")
  (use "git cherry-pick --skip" to skip this patch)
  (use "git cherry-pick --abort" to cancel the cherry-pick operation)

Untracked files:
  (use "git add <file>..." to include in what will be committed)
	auto-cherry-pick.sh
	cherry_pick_20250705_180810.log
	cherry_pick_20250705_181331.log

nothing added to commit but untracked files present (use "git add" to track)
Conflict or error during cherry-pick of 9e06953ee2a406c4bf4ff08c700d3ce1254974d1
No conflicted files found but cherry-pick failed, attempting to skip commit 9e06953ee2a406c4bf4ff08c700d3ce1254974d1
----------------------------------------
Cherry-picking a42f149865da48f25e5a49ca344dbcad61b66ae1
The previous cherry-pick is now empty, possibly due to conflict resolution.
If you wish to commit it anyway, use:

    git commit --allow-empty

Otherwise, please use 'git cherry-pick --skip'
On branch main
Your branch is ahead of 'origin/main' by 9 commits.
  (use "git push" to publish your local commits)

You are currently cherry-picking commit a42f149865da.
  (all conflicts fixed: run "git cherry-pick --continue")
  (use "git cherry-pick --skip" to skip this patch)
  (use "git cherry-pick --abort" to cancel the cherry-pick operation)

Untracked files:
  (use "git add <file>..." to include in what will be committed)
	auto-cherry-pick.sh
	cherry_pick_20250705_180810.log
	cherry_pick_20250705_181331.log

nothing added to commit but untracked files present (use "git add" to track)
Conflict or error during cherry-pick of a42f149865da48f25e5a49ca344dbcad61b66ae1
No conflicted files found but cherry-pick failed, attempting to skip commit a42f149865da48f25e5a49ca344dbcad61b66ae1
----------------------------------------
Cherry-picking 12273ec840cc67b2ec469ee5f5214559357436bb
The previous cherry-pick is now empty, possibly due to conflict resolution.
If you wish to commit it anyway, use:

    git commit --allow-empty

Otherwise, please use 'git cherry-pick --skip'
On branch main
Your branch is ahead of 'origin/main' by 9 commits.
  (use "git push" to publish your local commits)

You are currently cherry-picking commit 12273ec840cc.
  (all conflicts fixed: run "git cherry-pick --continue")
  (use "git cherry-pick --skip" to skip this patch)
  (use "git cherry-pick --abort" to cancel the cherry-pick operation)

Untracked files:
  (use "git add <file>..." to include in what will be committed)
	auto-cherry-pick.sh
	cherry_pick_20250705_180810.log
	cherry_pick_20250705_181331.log

nothing added to commit but untracked files present (use "git add" to track)
Conflict or error during cherry-pick of 12273ec840cc67b2ec469ee5f5214559357436bb
No conflicted files found but cherry-pick failed, attempting to skip commit 12273ec840cc67b2ec469ee5f5214559357436bb
----------------------------------------
Cherry-picking 8d75cc141d702ebc280dde2b32b50cfdea3a02b3
The previous cherry-pick is now empty, possibly due to conflict resolution.
If you wish to commit it anyway, use:

    git commit --allow-empty

Otherwise, please use 'git cherry-pick --skip'
On branch main
Your branch is ahead of 'origin/main' by 9 commits.
  (use "git push" to publish your local commits)

You are currently cherry-picking commit 8d75cc141d70.
  (all conflicts fixed: run "git cherry-pick --continue")
  (use "git cherry-pick --skip" to skip this patch)
  (use "git cherry-pick --abort" to cancel the cherry-pick operation)

Untracked files:
  (use "git add <file>..." to include in what will be committed)
	auto-cherry-pick.sh
	cherry_pick_20250705_180810.log
	cherry_pick_20250705_181331.log

nothing added to commit but untracked files present (use "git add" to track)
Conflict or error during cherry-pick of 8d75cc141d702ebc280dde2b32b50cfdea3a02b3
No conflicted files found but cherry-pick failed, attempting to skip commit 8d75cc141d702ebc280dde2b32b50cfdea3a02b3
----------------------------------------
Cherry-picking 5502de13f91db625b063cb9d0793c7391f38452d
The previous cherry-pick is now empty, possibly due to conflict resolution.
If you wish to commit it anyway, use:

    git commit --allow-empty

Otherwise, please use 'git cherry-pick --skip'
On branch main
Your branch is ahead of 'origin/main' by 9 commits.
  (use "git push" to publish your local commits)

You are currently cherry-picking commit 5502de13f91d.
  (all conflicts fixed: run "git cherry-pick --continue")
  (use "git cherry-pick --skip" to skip this patch)
  (use "git cherry-pick --abort" to cancel the cherry-pick operation)

Untracked files:
  (use "git add <file>..." to include in what will be committed)
	auto-cherry-pick.sh
	cherry_pick_20250705_180810.log
	cherry_pick_20250705_181331.log

nothing added to commit but untracked files present (use "git add" to track)
Conflict or error during cherry-pick of 5502de13f91db625b063cb9d0793c7391f38452d
No conflicted files found but cherry-pick failed, attempting to skip commit 5502de13f91db625b063cb9d0793c7391f38452d
----------------------------------------
Cherry-picking 83c212df7794563a2f45a3be8fbc097e352b2c3a
The previous cherry-pick is now empty, possibly due to conflict resolution.
If you wish to commit it anyway, use:

    git commit --allow-empty

Otherwise, please use 'git cherry-pick --skip'
On branch main
Your branch is ahead of 'origin/main' by 9 commits.
  (use "git push" to publish your local commits)

You are currently cherry-picking commit 83c212df7794.
  (all conflicts fixed: run "git cherry-pick --continue")
  (use "git cherry-pick --skip" to skip this patch)
  (use "git cherry-pick --abort" to cancel the cherry-pick operation)

Untracked files:
  (use "git add <file>..." to include in what will be committed)
	auto-cherry-pick.sh
	cherry_pick_20250705_180810.log
	cherry_pick_20250705_181331.log

nothing added to commit but untracked files present (use "git add" to track)
Conflict or error during cherry-pick of 83c212df7794563a2f45a3be8fbc097e352b2c3a
No conflicted files found but cherry-pick failed, attempting to skip commit 83c212df7794563a2f45a3be8fbc097e352b2c3a
----------------------------------------
Cherry-picking fd4a641bb5731c0ce5397698560a823602dbaac2
Auto-merging arch/x86/kvm/x86.c
The previous cherry-pick is now empty, possibly due to conflict resolution.
If you wish to commit it anyway, use:

    git commit --allow-empty

Otherwise, please use 'git cherry-pick --skip'
On branch main
Your branch is ahead of 'origin/main' by 9 commits.
  (use "git push" to publish your local commits)

You are currently cherry-picking commit fd4a641bb573.
  (all conflicts fixed: run "git cherry-pick --continue")
  (use "git cherry-pick --skip" to skip this patch)
  (use "git cherry-pick --abort" to cancel the cherry-pick operation)

Untracked files:
  (use "git add <file>..." to include in what will be committed)
	auto-cherry-pick.sh
	cherry_pick_20250705_180810.log
	cherry_pick_20250705_181331.log

nothing added to commit but untracked files present (use "git add" to track)
Conflict or error during cherry-pick of fd4a641bb5731c0ce5397698560a823602dbaac2
No conflicted files found but cherry-pick failed, attempting to skip commit fd4a641bb5731c0ce5397698560a823602dbaac2
----------------------------------------
Cherry-picking 99c0a2671044fe6c857fcbd24a595e050d98f64a
The previous cherry-pick is now empty, possibly due to conflict resolution.
If you wish to commit it anyway, use:

    git commit --allow-empty

Otherwise, please use 'git cherry-pick --skip'
On branch main
Your branch is ahead of 'origin/main' by 9 commits.
  (use "git push" to publish your local commits)

You are currently cherry-picking commit 99c0a2671044.
  (all conflicts fixed: run "git cherry-pick --continue")
  (use "git cherry-pick --skip" to skip this patch)
  (use "git cherry-pick --abort" to cancel the cherry-pick operation)

Untracked files:
  (use "git add <file>..." to include in what will be committed)
	auto-cherry-pick.sh
	cherry_pick_20250705_180810.log
	cherry_pick_20250705_181331.log

nothing added to commit but untracked files present (use "git add" to track)
Conflict or error during cherry-pick of 99c0a2671044fe6c857fcbd24a595e050d98f64a
No conflicted files found but cherry-pick failed, attempting to skip commit 99c0a2671044fe6c857fcbd24a595e050d98f64a
----------------------------------------
Cherry-picking f4169c4e91eb0f33a17e8c5c3bcbd6244166e697
The previous cherry-pick is now empty, possibly due to conflict resolution.
If you wish to commit it anyway, use:

    git commit --allow-empty

Otherwise, please use 'git cherry-pick --skip'
On branch main
Your branch is ahead of 'origin/main' by 9 commits.
  (use "git push" to publish your local commits)

You are currently cherry-picking commit f4169c4e91eb.
  (all conflicts fixed: run "git cherry-pick --continue")
  (use "git cherry-pick --skip" to skip this patch)
  (use "git cherry-pick --abort" to cancel the cherry-pick operation)

Untracked files:
  (use "git add <file>..." to include in what will be committed)
	auto-cherry-pick.sh
	cherry_pick_20250705_180810.log
	cherry_pick_20250705_181331.log

nothing added to commit but untracked files present (use "git add" to track)
Conflict or error during cherry-pick of f4169c4e91eb0f33a17e8c5c3bcbd6244166e697
No conflicted files found but cherry-pick failed, attempting to skip commit f4169c4e91eb0f33a17e8c5c3bcbd6244166e697
----------------------------------------
Cherry-picking 46ee09819f35272a7107ca06a5b577ebf03f7326
Auto-merging arch/arm/kernel/hw_breakpoint.c
[main 7eb2bcbdf4c8] ARM: 8986/1: hw_breakpoint: Don't invoke overflow handler on uaccess watchpoints
 Author: Will Deacon <will@kernel.org>
 Date: Thu Jun 18 11:16:45 2020 +0100
 1 file changed, 22 insertions(+), 5 deletions(-)
Successfully cherry-picked 46ee09819f35272a7107ca06a5b577ebf03f7326
----------------------------------------
Cherry-picking 2fda665f0a26bd60e091f9162495f128896aa531
[main d8bbc01eaf9e] drm/amdgpu: Prevent kernel-infoleak in amdgpu_info_ioctl()
 Author: Peilin Ye <yepeilin.cs@gmail.com>
 Date: Tue Jul 28 15:29:24 2020 -0400
 1 file changed, 2 insertions(+), 1 deletion(-)
Successfully cherry-picked 2fda665f0a26bd60e091f9162495f128896aa531
----------------------------------------
Cherry-picking 00cf08b009e56555e69b5d9d307577856a9a0114
Auto-merging drivers/gpu/drm/drm_gem.c
[main da44ab1bacba] drm: hold gem reference until object is no longer accessed
 Author: Steve Cohen <cohens@codeaurora.org>
 Date: Mon Jul 20 18:30:50 2020 -0400
 1 file changed, 4 insertions(+), 6 deletions(-)
Successfully cherry-picked 00cf08b009e56555e69b5d9d307577856a9a0114
----------------------------------------
Cherry-picking bc08d46f010ccf05817c0f53ba4226de20645a36
Auto-merging fs/f2fs/dir.c
CONFLICT (content): Merge conflict in fs/f2fs/dir.c
error: could not apply bc08d46f010c... f2fs: check memory boundary by insane namelen
hint: After resolving the conflicts, mark them with
hint: "git add/rm <pathspec>", then run
hint: "git cherry-pick --continue".
hint: You can instead skip this commit with "git cherry-pick --skip".
hint: To abort and get back to the state before "git cherry-pick",
hint: run "git cherry-pick --abort".
Conflict or error during cherry-pick of bc08d46f010ccf05817c0f53ba4226de20645a36
Auto-resolving conflicts by accepting incoming changes...
