Cherry-picking from 436bfd0121cc094ad53000eadd61fba397ed06f9 to 80ba874d752b77e7f913ca4b59479204bd61c08a
----------------------------------------
Cherry-picking 436bfd0121cc094ad53000eadd61fba397ed06f9
Auto-merging kernel/sys.c
[main b7387f575f68] syscall: Fake uname to 4.19 for bpfloader/netd
 Author: Tim Zimmermann <tim@linux4.de>
 Date: Fri Oct 6 05:32:56 2023 +0200
 1 file changed, 6 insertions(+)
Successfully cherry-picked 436bfd0121cc094ad53000eadd61fba397ed06f9
----------------------------------------
Cherry-picking 213e55c0cc7d855ed2123865d2a1959b588000ba
Auto-merging include/uapi/linux/bpf.h
Auto-merging net/core/filter.c
[main 8568094e502d] BACKPORT: bpf: add skb_load_bytes_relative helper
 Author: Daniel Borkmann <daniel@iogearbox.net>
 Date: Fri May 4 01:08:15 2018 +0200
 2 files changed, 75 insertions(+)
Successfully cherry-picked 213e55c0cc7d855ed2123865d2a1959b588000ba
----------------------------------------
Cherry-picking 4ed29362c42de76aa09c2ff6bd25512b4a4a1158
[main 7a80553d8c5b] BACKPORT: bpf: encapsulate verifier log state into a structure
 Author: Jakub Kicinski <jakub.kicinski@netronome.com>
 Date: Mon Oct 9 10:30:10 2017 -0700
 2 files changed, 43 insertions(+), 27 deletions(-)
Successfully cherry-picked 4ed29362c42de76aa09c2ff6bd25512b4a4a1158
----------------------------------------
Cherry-picking 1b4a3e9c579b6bfd20e3ea47539edb5136c386d5
[main 9698fc7d173b] BACKPORT: bpf: Rename bpf_verifer_log
 Author: Martin KaFai Lau <kafai@fb.com>
 Date: Sat Mar 24 11:44:22 2018 -0700
 2 files changed, 5 insertions(+), 5 deletions(-)
Successfully cherry-picked 1b4a3e9c579b6bfd20e3ea47539edb5136c386d5
----------------------------------------
Cherry-picking e1432ae61f8fae764b4f8829e1abb7c974daef7d
[main f1daba591b0f] BACKPORT: bpf: btf: Introduce BPF Type Format (BTF)
 Author: Martin KaFai Lau <kafai@fb.com>
 Date: Wed Apr 18 15:55:57 2018 -0700
 3 files changed, 1046 insertions(+)
 create mode 100644 include/uapi/linux/btf.h
 create mode 100644 kernel/bpf/btf.c
Successfully cherry-picked e1432ae61f8fae764b4f8829e1abb7c974daef7d
----------------------------------------
Cherry-picking bece722fd70f5a2d6b24bca7ccf78dd6561b7f4c
[main 8a27b7561fab] bpf: Update logging functions to work with BTF
 Author: Tim Zimmermann <tim@linux4.de>
 Date: Sun Oct 15 14:57:14 2023 +0200
 3 files changed, 80 insertions(+), 21 deletions(-)
 create mode 100644 scripts/module-lto.lds
Successfully cherry-picked bece722fd70f5a2d6b24bca7ccf78dd6561b7f4c
----------------------------------------
Cherry-picking d364ef2ec731702fe645bec7a3ebbbd5f33772ba
[main 097a106ed341] bpf: btf: Validate type reference
 Author: Martin KaFai Lau <kafai@fb.com>
 Date: Wed Apr 18 15:55:58 2018 -0700
 2 files changed, 702 insertions(+), 1 deletion(-)
 create mode 100644 include/linux/btf.h
Successfully cherry-picked d364ef2ec731702fe645bec7a3ebbbd5f33772ba
----------------------------------------
Cherry-picking 238e9db7240fcc6abbb51c4f4c9b0db75cead527
[main c0ffaae8856a] bpf: btf: Check members of struct/union
 Author: Martin KaFai Lau <kafai@fb.com>
 Date: Wed Apr 18 15:55:59 2018 -0700
 1 file changed, 205 insertions(+)
Successfully cherry-picked 238e9db7240fcc6abbb51c4f4c9b0db75cead527
----------------------------------------
Cherry-picking 224cbc20119f112056ebf555e6537551f3a4502d
[main c3c2e5e8178f] bpf: btf: Add pretty print capability for data with BTF type info
 Author: Martin KaFai Lau <kafai@fb.com>
 Date: Wed Apr 18 15:56:00 2018 -0700
 2 files changed, 200 insertions(+)
Successfully cherry-picked 224cbc20119f112056ebf555e6537551f3a4502d
----------------------------------------
Cherry-picking 78a88e4feeec14d19884a2956a32522d8c83b821
Auto-merging include/uapi/linux/bpf.h
Auto-merging kernel/bpf/syscall.c
[main 644aee5ba373] BACKPORT: bpf: btf: Add BPF_BTF_LOAD command
 Author: Martin KaFai Lau <kafai@fb.com>
 Date: Wed Apr 18 15:56:01 2018 -0700
 4 files changed, 97 insertions(+)
Successfully cherry-picked 78a88e4feeec14d19884a2956a32522d8c83b821
----------------------------------------
Cherry-picking f474ed3f24adc51ce042caaf42af408fa773f930
Auto-merging kernel/bpf/syscall.c
[main 9a5b6caa730b] bpf: btf: Add BPF_OBJ_GET_INFO_BY_FD support to BTF fd
 Author: Martin KaFai Lau <kafai@fb.com>
 Date: Wed Apr 18 15:56:02 2018 -0700
 3 files changed, 23 insertions(+), 1 deletion(-)
Successfully cherry-picked f474ed3f24adc51ce042caaf42af408fa773f930
----------------------------------------
Cherry-picking 198c16b85a734e40562ea34ea7ad21983e4406f8
[main 2b4e9b822a81] BACKPORT: bpf: btf: Clean up btf.h in uapi
 Author: Martin KaFai Lau <kafai@fb.com>
 Date: Sat Apr 21 09:48:23 2018 -0700
 2 files changed, 13 insertions(+), 15 deletions(-)
Successfully cherry-picked 198c16b85a734e40562ea34ea7ad21983e4406f8
----------------------------------------
Cherry-picking 6892978ee11786f227451dff5d1f66bdfc321550
[main af6e5a2dd368] bpf: btf: Avoid WARN_ON when CONFIG_REFCOUNT_FULL=y
 Author: Martin KaFai Lau <kafai@fb.com>
 Date: Fri May 4 14:49:50 2018 -0700
 1 file changed, 1 insertion(+), 1 deletion(-)
Successfully cherry-picked 6892978ee11786f227451dff5d1f66bdfc321550
----------------------------------------
Cherry-picking 2bd7fe25fea1bf36eefd42b7bcf6830b4ee19337
Auto-merging kernel/bpf/syscall.c
CONFLICT (content): Merge conflict in kernel/bpf/syscall.c
error: could not apply 2bd7fe25fea1... bpf: Fix compiler warning on info.map_ids for 32bit platform
hint: After resolving the conflicts, mark them with
hint: "git add/rm <pathspec>", then run
hint: "git cherry-pick --continue".
hint: You can instead skip this commit with "git cherry-pick --skip".
hint: To abort and get back to the state before "git cherry-pick",
hint: run "git cherry-pick --abort".
Conflict or error during cherry-pick of 2bd7fe25fea1bf36eefd42b7bcf6830b4ee19337
Auto-resolving conflicts by accepting incoming changes...
[main 06da64047090] bpf: Fix compiler warning on info.map_ids for 32bit platform
 Author: Martin KaFai Lau <kafai@fb.com>
 Date: Fri Sep 29 10:52:17 2017 -0700
 2 files changed, 170 insertions(+), 2 deletions(-)
 create mode 100644 cherry_pick_20250707_200921.log
----------------------------------------
Cherry-picking b86cbbc405814519b505d755a19516cf37118149
[main d6a2112819fb] bpf: btf: Change how section is supported in btf_header
 Author: Martin KaFai Lau <kafai@fb.com>
 Date: Tue May 22 14:57:18 2018 -0700
 2 files changed, 160 insertions(+), 57 deletions(-)
Successfully cherry-picked b86cbbc405814519b505d755a19516cf37118149
----------------------------------------
Cherry-picking ee5ecb40eb1b769567c5d417f8cf6a383ceb27ee
[main 2758e98340cb] bpf: btf: Check array->index_type
 Author: Martin KaFai Lau <kafai@fb.com>
 Date: Tue May 22 14:57:19 2018 -0700
 1 file changed, 56 insertions(+), 24 deletions(-)
Successfully cherry-picked ee5ecb40eb1b769567c5d417f8cf6a383ceb27ee
----------------------------------------
Cherry-picking fc897edc32c4c8032ca973a41903822044e0b9c3
[main 622db1a89195] bpf: btf: Remove unused bits from uapi/linux/btf.h
 Author: Martin KaFai Lau <kafai@fb.com>
 Date: Tue May 22 14:57:20 2018 -0700
 2 files changed, 44 insertions(+), 37 deletions(-)
Successfully cherry-picked fc897edc32c4c8032ca973a41903822044e0b9c3
----------------------------------------
Cherry-picking 4021fe17d198f94db87e2feac5dd57a891806e72
[main ca4015a0fce5] bpf: btf: Avoid variable length array
 Author: Martin KaFai Lau <kafai@fb.com>
 Date: Wed May 23 11:32:36 2018 -0700
 1 file changed, 5 insertions(+), 6 deletions(-)
Successfully cherry-picked 4021fe17d198f94db87e2feac5dd57a891806e72
----------------------------------------
Cherry-picking 4f70d72c35b88fbd2099698a59218249771580d7
[main cb5bf4f8c740] bpf: btf: avoid -Wreturn-type warning
 Author: Arnd Bergmann <arnd@arndb.de>
 Date: Fri May 25 23:33:19 2018 +0200
 1 file changed, 1 insertion(+), 1 deletion(-)
Successfully cherry-picked 4f70d72c35b88fbd2099698a59218249771580d7
----------------------------------------
Cherry-picking 4ac5ae9625f12a5f2264f2d85d93f7e8997b3e0e
[main 22505baf8a28] bpf: btf: Check array t->size
 Author: Martin KaFai Lau <kafai@fb.com>
 Date: Sat Jun 2 09:06:50 2018 -0700
 1 file changed, 5 insertions(+)
Successfully cherry-picked 4ac5ae9625f12a5f2264f2d85d93f7e8997b3e0e
----------------------------------------
Cherry-picking b5f288dc299e8f2f369a64562af1a16b3e0b0c4a
[main aa9aac2b30eb] bpf: btf: Ensure t->type == 0 for BTF_KIND_FWD
 Author: Martin KaFai Lau <kafai@fb.com>
 Date: Sat Jun 2 09:06:51 2018 -0700
 1 file changed, 20 insertions(+), 1 deletion(-)
Successfully cherry-picked b5f288dc299e8f2f369a64562af1a16b3e0b0c4a
----------------------------------------
Cherry-picking 1a6aedc470b8b8de016e7335b929a191325cb28c
[main a0dcfbac3e46] bpf: btf: Fix bitfield extraction for big endian
 Author: Okash Khawaja <osk@fb.com>
 Date: Tue Jul 10 14:33:07 2018 -0700
 1 file changed, 13 insertions(+), 17 deletions(-)
Successfully cherry-picked 1a6aedc470b8b8de016e7335b929a191325cb28c
----------------------------------------
Cherry-picking 2553505c4ffbd9561e27d3298ece55c63fae7d92
[main 47f21708bfe9] bpf: btf: Clean up BTF_INT_BITS() in uapi btf.h
 Author: Martin KaFai Lau <kafai@fb.com>
 Date: Thu Jul 19 22:14:31 2018 -0700
 2 files changed, 11 insertions(+), 7 deletions(-)
Successfully cherry-picked 2553505c4ffbd9561e27d3298ece55c63fae7d92
----------------------------------------
Cherry-picking 01a23fe67dedc8630b1581855c8f09b5c25f1e35
[main 4c0d24450716] bpf: btf: Ensure the member->offset is in the right order
 Author: Martin KaFai Lau <kafai@fb.com>
 Date: Fri Jul 20 17:38:37 2018 -0700
 1 file changed, 13 insertions(+), 1 deletion(-)
Successfully cherry-picked 01a23fe67dedc8630b1581855c8f09b5c25f1e35
----------------------------------------
Cherry-picking 09d924bc93b3d1c63dc215fc58aeb417f7103d06
Auto-merging net/core/filter.c
[main d1b7e6abba7f] bpf: fix bpf_skb_load_bytes_relative pkt length check
 Author: Daniel Borkmann <daniel@iogearbox.net>
 Date: Sat Jul 28 00:17:56 2018 +0200
 1 file changed, 7 insertions(+), 5 deletions(-)
Successfully cherry-picked 09d924bc93b3d1c63dc215fc58aeb417f7103d06
----------------------------------------
Cherry-picking fdd2f9a15e9d33237f5a3e873bde87ee813321fa
[main f12df8430be8] bpf: btf: Fix end boundary calculation for type section
 Author: Martin KaFai Lau <kafai@fb.com>
 Date: Wed Sep 12 10:29:11 2018 -0700
 1 file changed, 1 insertion(+), 1 deletion(-)
Successfully cherry-picked fdd2f9a15e9d33237f5a3e873bde87ee813321fa
----------------------------------------
Cherry-picking c78002d2dd27ab7ebacedfbda0efda1e38e753bb
[main e7bccdc8b4de] bpf: btf: Fix a missing check bug
 Author: Wenwen Wang <wang6495@umn.edu>
 Date: Sun Oct 7 15:23:15 2018 -0500
 1 file changed, 3 insertions(+)
Successfully cherry-picked c78002d2dd27ab7ebacedfbda0efda1e38e753bb
----------------------------------------
Cherry-picking 6ee1b466c23f6ef581d00951edac8fd040448aad
[main b1006c54a73c] bpf, btf: fix a missing check bug in btf_parse
 Author: Martin Lau <kafai@fb.com>
 Date: Wed Oct 24 20:42:25 2018 +0000
 1 file changed, 25 insertions(+), 30 deletions(-)
Successfully cherry-picked 6ee1b466c23f6ef581d00951edac8fd040448aad
----------------------------------------
Cherry-picking fdac286ac872b0e06513bc44cd9eb83fe8e93e87
[main ffc6f58be857] bpf: fix BTF limits
 Author: Alexei Starovoitov <ast@kernel.org>
 Date: Tue Sep 17 10:45:38 2019 -0700
 1 file changed, 2 insertions(+), 2 deletions(-)
Successfully cherry-picked fdac286ac872b0e06513bc44cd9eb83fe8e93e87
----------------------------------------
Cherry-picking 3135604a13ae32b75c0f8ef2872f65355ba77a31
[main 5eb81aa10428] bpf/btf: Fix BTF verification of enum members in struct/union
 Author: Yoshiki Komachi <komachi.yoshiki@gmail.com>
 Date: Tue Mar 10 16:32:29 2020 +0900
 1 file changed, 1 insertion(+), 1 deletion(-)
Successfully cherry-picked 3135604a13ae32b75c0f8ef2872f65355ba77a31
----------------------------------------
Cherry-picking 9fb64d251dfbb52aa2ea9ca91ef4c86da202ba0f
[main 6558fa75bc51] bpf: btf: fix truncated last_member_type_id in btf_struct_resolve
 Author: Lorenz Bauer <oss@lmb.io>
 Date: Sat Sep 10 11:01:20 2022 +0000
 1 file changed, 1 insertion(+), 1 deletion(-)
Successfully cherry-picked 9fb64d251dfbb52aa2ea9ca91ef4c86da202ba0f
----------------------------------------
Cherry-picking 69ca9bb3e69d15541e24bf00748b57f0b8ccf8bb
Auto-merging kernel/sys.c
[main 50bee4d47ba5] syscall: Fake uname to 4.19 also for netbpfload
 Author: Tim Zimmermann <tim@linux4.de>
 Date: Mon Jan 1 08:54:37 2024 +0100
 1 file changed, 1 insertion(+)
Successfully cherry-picked 69ca9bb3e69d15541e24bf00748b57f0b8ccf8bb
----------------------------------------
Cherry-picking 7d4120614babb01f1ec5fbcdf5faba3d325a366f
Auto-merging drivers/net/ethernet/intel/ixgbe/ixgbe_main.c
Auto-merging drivers/net/tun.c
Auto-merging include/linux/netdevice.h
Auto-merging net/core/dev.c
CONFLICT (content): Merge conflict in net/core/dev.c
error: could not apply 7d4120614bab... BACKPORT: net: bpf: rename ndo_xdp to ndo_bpf
hint: After resolving the conflicts, mark them with
hint: "git add/rm <pathspec>", then run
hint: "git cherry-pick --continue".
hint: You can instead skip this commit with "git cherry-pick --skip".
hint: To abort and get back to the state before "git cherry-pick",
hint: run "git cherry-pick --abort".
Conflict or error during cherry-pick of 7d4120614babb01f1ec5fbcdf5faba3d325a366f
Auto-resolving conflicts by accepting incoming changes...
[main 45ebcaa80528] BACKPORT: net: bpf: rename ndo_xdp to ndo_bpf
 Author: Jakub Kicinski <jakub.kicinski@netronome.com>
 Date: Fri Nov 3 13:56:16 2017 -0700
 18 files changed, 362 insertions(+), 384 deletions(-)
----------------------------------------
Cherry-picking b25c3f1776583c62639c8f1d1983a9ab6553fab5
Auto-merging include/linux/bpf.h
CONFLICT (content): Merge conflict in include/linux/bpf.h
Auto-merging include/linux/netdevice.h
Auto-merging include/uapi/linux/bpf.h
CONFLICT (content): Merge conflict in include/uapi/linux/bpf.h
Auto-merging kernel/bpf/core.c
error: could not apply b25c3f177658... BACKPORT: bpf: offload: add infrastructure for loading programs for a specific netdev
hint: After resolving the conflicts, mark them with
hint: "git add/rm <pathspec>", then run
hint: "git cherry-pick --continue".
hint: You can instead skip this commit with "git cherry-pick --skip".
hint: To abort and get back to the state before "git cherry-pick",
hint: run "git cherry-pick --abort".
Conflict or error during cherry-pick of b25c3f1776583c62639c8f1d1983a9ab6553fab5
Auto-resolving conflicts by accepting incoming changes...
[main 48f83e87f529] BACKPORT: bpf: offload: add infrastructure for loading programs for a specific netdev
 Author: Jakub Kicinski <jakub.kicinski@netronome.com>
 Date: Fri Nov 3 13:56:17 2017 -0700
 10 files changed, 391 insertions(+), 13 deletions(-)
 create mode 100644 kernel/bpf/offload.c
----------------------------------------
Cherry-picking 47b16b371e9939534136e87614846060711d8e45
[main 6e05d4e1f712] bpf: offload: rename the ifindex field
 Author: Jakub Kicinski <jakub.kicinski@netronome.com>
 Date: Mon Nov 20 15:21:53 2017 -0800
 3 files changed, 4 insertions(+), 4 deletions(-)
Successfully cherry-picked 47b16b371e9939534136e87614846060711d8e45
----------------------------------------
Cherry-picking 8386f5d617e7f234589a2e4c9c3e50d15fb1b46e
Auto-merging kernel/trace/bpf_trace.c
Auto-merging net/core/filter.c
[main dc779408ecf4] BACKPORT: bpf: Check attach type at prog load time
 Author: Andrey Ignatov <rdna@fb.com>
 Date: Fri Mar 30 15:08:00 2018 -0700
 7 files changed, 76 insertions(+), 23 deletions(-)
Successfully cherry-picked 8386f5d617e7f234589a2e4c9c3e50d15fb1b46e
----------------------------------------
Cherry-picking eb0c9ab2d5a0e82e2bf61231d4944c2e02abfada
Auto-merging kernel/bpf/cgroup.c
Auto-merging kernel/bpf/core.c
Auto-merging kernel/cgroup/cgroup.c
[main 9585c0dfed75] BACKPORT: bpf: introduce BPF_PROG_QUERY command
 Author: Alexei Starovoitov <ast@fb.com>
 Date: Mon Oct 2 22:50:22 2017 -0700
 7 files changed, 148 insertions(+)
Successfully cherry-picked eb0c9ab2d5a0e82e2bf61231d4944c2e02abfada
----------------------------------------
Cherry-picking 22499d2bc268fcbb699c09f7557dc6f3c8922fd7
Auto-merging kernel/bpf/cgroup.c
Auto-merging net/core/filter.c
Auto-merging net/ipv4/af_inet.c
[main e00e704207fc] BACKPORT: bpf: Hooks for sys_bind
 Author: Andrey Ignatov <rdna@fb.com>
 Date: Fri Mar 30 15:08:02 2018 -0700
 9 files changed, 362 insertions(+), 8 deletions(-)
Successfully cherry-picked 22499d2bc268fcbb699c09f7557dc6f3c8922fd7
----------------------------------------
Cherry-picking f67134f4a39e9e21d6fb4e6a72f1f3c24309443e
Auto-merging include/net/inet_common.h
Auto-merging include/net/ipv6.h
Auto-merging net/ipv4/af_inet.c
[main 8ac448a4c772] BACKPORT: net: Introduce __inet_bind() and __inet6_bind
 Author: Andrey Ignatov <rdna@fb.com>
 Date: Fri Mar 30 15:08:04 2018 -0700
 4 files changed, 52 insertions(+), 29 deletions(-)
Successfully cherry-picked f67134f4a39e9e21d6fb4e6a72f1f3c24309443e
----------------------------------------
Cherry-picking ca460459f24c2392c56161042347e62f06038f7e
Auto-merging include/net/sock.h
Auto-merging include/net/udp.h
Auto-merging net/core/filter.c
Auto-merging net/ipv4/af_inet.c
Auto-merging net/ipv4/tcp_ipv4.c
Auto-merging net/ipv4/udp.c
Auto-merging net/ipv6/tcp_ipv6.c
Auto-merging net/ipv6/udp.c
[main 54c905f29ea6] BACKPORT: bpf: Hooks for sys_connect
 Author: Andrey Ignatov <rdna@fb.com>
 Date: Fri Mar 30 15:08:05 2018 -0700
 13 files changed, 200 insertions(+)
Successfully cherry-picked ca460459f24c2392c56161042347e62f06038f7e
----------------------------------------
Cherry-picking 3e94a525ce6058d5591dc93588a9aaa85f3eeb6b
Auto-merging net/core/filter.c
Auto-merging net/ipv4/af_inet.c
[main e331f3ebd6e0] BACKPORT: bpf: Post-hooks for sys_bind
 Author: Andrey Ignatov <rdna@fb.com>
 Date: Fri Mar 30 15:08:07 2018 -0700
 6 files changed, 195 insertions(+), 30 deletions(-)
Successfully cherry-picked 3e94a525ce6058d5591dc93588a9aaa85f3eeb6b
----------------------------------------
Cherry-picking 437345780ccfa9625cc4744cb8992a2c351fcae8
[main 6c7a40cf073c] kernel: bpf: devmap: Create __dev_map_alloc_node
 Author: Tim Zimmermann <tim@linux4.de>
 Date: Wed Jan 10 06:24:54 2024 +0100
 1 file changed, 27 insertions(+), 13 deletions(-)
Successfully cherry-picked 437345780ccfa9625cc4744cb8992a2c351fcae8
----------------------------------------
Cherry-picking cd50ca414c72dbf116297c0b1b90335835496b43
Auto-merging net/core/filter.c
[main 78f84c75754c] BACKPORT: xdp: Add devmap_hash map type for looking up devices by hashed index
 Author: Toke Høiland-Jørgensen <toke@redhat.com>
 Date: Fri Jul 26 18:06:55 2019 +0200
 6 files changed, 228 insertions(+), 3 deletions(-)
Successfully cherry-picked cd50ca414c72dbf116297c0b1b90335835496b43
----------------------------------------
Cherry-picking f323f6839f35ecd36566a2625931c924c3952965
[main 0c9441bb6847] BACKPORT: devmap: Allow map lookups from eBPF
 Author: Toke Høiland-Jørgensen <toke@redhat.com>
 Date: Fri Jun 28 11:12:35 2019 +0200
 3 files changed, 10 insertions(+), 5 deletions(-)
Successfully cherry-picked f323f6839f35ecd36566a2625931c924c3952965
----------------------------------------
Cherry-picking 0bf3ed19d19324cf110a4fe85a3daeea061bf24e
Auto-merging kernel/sys.c
[main e99c694bb384] syscall: Increase bpf fake uname to 5.4
 Author: Tim Zimmermann <tim@linux4.de>
 Date: Sun Jan 14 05:49:48 2024 +0100
 1 file changed, 1 insertion(+), 1 deletion(-)
Successfully cherry-picked 0bf3ed19d19324cf110a4fe85a3daeea061bf24e
----------------------------------------
Cherry-picking 49505be2902dd6ed5749eef1084c859f12792870
Auto-merging kernel/sys.c
[main 33b9f9ba9dcb] syscall: Increase bpf fake uname to 5.4.186
 Author: Tim Zimmermann <tim@linux4.de>
 Date: Thu May 16 05:56:11 2024 +0200
 1 file changed, 1 insertion(+), 1 deletion(-)
Successfully cherry-picked 49505be2902dd6ed5749eef1084c859f12792870
----------------------------------------
Cherry-picking 8c4cefd49b96069500c49e7aabd5fa09f9d5f431
[main b22dcb810d5d] scripts: Remove mistakenly added LTO file
 Author: Tim Zimmermann <tim@linux4.de>
 Date: Wed May 29 11:09:15 2024 +0200
 1 file changed, 22 deletions(-)
 delete mode 100644 scripts/module-lto.lds
Successfully cherry-picked 8c4cefd49b96069500c49e7aabd5fa09f9d5f431
----------------------------------------
Cherry-picking 5047291cc57693e3cf6992c725e5742d1a2dfc0d
Auto-merging net/ipv6/route.c
[main a896a14ab91a] BACKPORT: net: fix __dst_negative_advice() race
 Author: Eric Dumazet <edumazet@google.com>
 Date: Tue May 28 11:43:53 2024 +0000
 1 file changed, 2 insertions(+)
Successfully cherry-picked 5047291cc57693e3cf6992c725e5742d1a2dfc0d
----------------------------------------
Cherry-picking b15f6803c9ab34e2b2bbb0b52153cd865b9ae34e
Auto-merging net/ipv4/tcp.c
[main e836aece5abe] Revert "net: fix unused variable warning in do_tcp_setsockopt()"
 Author: Tim Zimmermann <tim@linux4.de>
 Date: Mon Jun 3 17:58:15 2024 +0200
 1 file changed, 1 insertion(+)
Successfully cherry-picked b15f6803c9ab34e2b2bbb0b52153cd865b9ae34e
----------------------------------------
Cherry-picking a519aba319c1e8c0db0ead8cbb00d9de582b1232
Auto-merging kernel/bpf/cgroup.c
Auto-merging net/core/filter.c
Auto-merging net/ipv4/udp.c
Auto-merging net/ipv6/udp.c
[main fef1fc828362] bpf: Hooks for sys_sendmsg
 Author: Andrey Ignatov <rdna@fb.com>
 Date: Fri May 25 08:55:23 2018 -0700
 8 files changed, 125 insertions(+), 9 deletions(-)
Successfully cherry-picked a519aba319c1e8c0db0ead8cbb00d9de582b1232
----------------------------------------
Cherry-picking a1cf7b560525ea063bbb2b24d08fb5ee72325f7f
[main 2289b19c9253] BACKPORT: bpf: enforce return code for cgroup-bpf programs
 Author: Alexei Starovoitov <ast@fb.com>
 Date: Mon Oct 2 22:50:23 2017 -0700
 2 files changed, 112 insertions(+)
Successfully cherry-picked a1cf7b560525ea063bbb2b24d08fb5ee72325f7f
----------------------------------------
Cherry-picking c8f10f9c226de67e59113b0eb6916adf0c20f2a7
Auto-merging net/core/filter.c
Auto-merging net/ipv4/udp.c
Auto-merging net/ipv6/udp.c
[main de4a6c3d5168] BACKPORT: bpf: fix unconnected udp hooks
 Author: Daniel Borkmann <daniel@iogearbox.net>
 Date: Fri Jun 7 01:48:57 2019 +0200
 7 files changed, 36 insertions(+), 3 deletions(-)
Successfully cherry-picked c8f10f9c226de67e59113b0eb6916adf0c20f2a7
----------------------------------------
Cherry-picking 4be9defe9a1c4dd6aa59d1250b45fb4f0849f995
Auto-merging kernel/sys.c
[main a18a8e77d9a8] syscall: Only fake uname on very first call of netbpfload
 Author: Tim Zimmermann <tim@linux4.de>
 Date: Sat Jul 20 11:18:16 2024 +0200
 1 file changed, 5 insertions(+), 3 deletions(-)
Successfully cherry-picked 4be9defe9a1c4dd6aa59d1250b45fb4f0849f995
----------------------------------------
Cherry-picking 84b8cbf9fbbde8d2ad4b917ecd13278057f70484
Auto-merging kernel/sys.c
[main 6b8d6cb83909] syscall: Increase fake uname to 6.6.40
 Author: Tim Zimmermann <tim@linux4.de>
 Date: Sat Jul 20 11:19:35 2024 +0200
 1 file changed, 1 insertion(+), 1 deletion(-)
Successfully cherry-picked 84b8cbf9fbbde8d2ad4b917ecd13278057f70484
----------------------------------------
Cherry-picking 0e4168646b7eb82cbb41f6da3d6f2b81fde12a22
[main 27abb3b2df15] BACKPORT: mm/mremap: add MREMAP_DONTUNMAP to mremap()
 Author: Brian Geffon <bgeffon@google.com>
 Date: Wed Apr 1 21:09:17 2020 -0700
 2 files changed, 72 insertions(+), 23 deletions(-)
Successfully cherry-picked 0e4168646b7eb82cbb41f6da3d6f2b81fde12a22
----------------------------------------
Cherry-picking cee0c569083ca3239ab0946bc2ae947e12da1d03
[main 06017d7da055] UPSTREAM: mm: Fix MREMAP_DONTUNMAP accounting on VMA merge
 Author: Brian Geffon <bgeffon@google.com>
 Date: Fri Apr 17 10:25:56 2020 -0700
 1 file changed, 12 insertions(+), 1 deletion(-)
Successfully cherry-picked cee0c569083ca3239ab0946bc2ae947e12da1d03
----------------------------------------
Cherry-picking 4af4093b45e5e1370b07bbe865408eb415112159
[main 8f10cb78e135] UPSTREAM: userfaultfd: fix remap event with MREMAP_DONTUNMAP
 Author: Brian Geffon <bgeffon@google.com>
 Date: Wed May 13 17:50:44 2020 -0700
 1 file changed, 1 insertion(+), 1 deletion(-)
Successfully cherry-picked 4af4093b45e5e1370b07bbe865408eb415112159
----------------------------------------
Cherry-picking a58c65e2518fe7971260d5cf1a42f1e2f5e9a730
[main ea9407891023] UPSTREAM: tools headers UAPI: Sync linux/mman.h with the kernel
 Author: Arnaldo Carvalho de Melo <acme@redhat.com>
 Date: Tue Apr 14 09:04:53 2020 -0300
 2 files changed, 4 insertions(+), 2 deletions(-)
Successfully cherry-picked a58c65e2518fe7971260d5cf1a42f1e2f5e9a730
----------------------------------------
Cherry-picking b14e0460e5658a7de977f131743fbbc90ebe734c
[main af6b0c8a6575] BACKPORT: mm/mremap: for MREMAP_DONTUNMAP check security_vm_enough_memory_mm()
 Author: Dmitry Safonov <dima@arista.com>
 Date: Mon Dec 14 19:08:09 2020 -0800
 1 file changed, 14 insertions(+), 23 deletions(-)
Successfully cherry-picked b14e0460e5658a7de977f131743fbbc90ebe734c
----------------------------------------
Cherry-picking a6ca77a25781431476b51b23747bee4903a1dddc
[main 0a43cb43cc4d] FROMLIST: mm: Extend MREMAP_DONTUNMAP to non-anonymous mappings
 Author: Brian Geffon <bgeffon@google.com>
 Date: Tue Mar 23 11:25:17 2021 -0700
 1 file changed, 2 insertions(+), 2 deletions(-)
Successfully cherry-picked a6ca77a25781431476b51b23747bee4903a1dddc
----------------------------------------
Cherry-picking 9ec934b76d6e54881c22d1cd368d7db05c081f7e
Auto-merging arch/s390/mm/hugetlbpage.c
Auto-merging mm/hugetlb.c
[main d6cc7c667379] BACKPORT: FROMGIT: hugetlb: pass vma into huge_pte_alloc() and huge_pmd_share()
 Author: Peter Xu <peterx@redhat.com>
 Date: Thu Mar 18 17:01:46 2021 +1100
 11 files changed, 24 insertions(+), 20 deletions(-)
Successfully cherry-picked 9ec934b76d6e54881c22d1cd368d7db05c081f7e
----------------------------------------
Cherry-picking 3d92bcdce3df27046fb2eec44cfd4541b1d1ddaf
Auto-merging mm/hugetlb.c
[main 0f741f1f8ca4] BACKPORT: FROMGIT: hugetlb/userfaultfd: forbid huge pmd sharing when uffd enabled
 Author: Peter Xu <peterx@redhat.com>
 Date: Thu Mar 18 17:01:46 2021 +1100
 4 files changed, 27 insertions(+), 9 deletions(-)
Successfully cherry-picked 3d92bcdce3df27046fb2eec44cfd4541b1d1ddaf
----------------------------------------
Cherry-picking 8a773f4ad7a3f51ff29192668219c5b9aa32eed8
Auto-merging mm/hugetlb.c
[main 2ac763e3d66b] FROMGIT: mm/hugetlb: fix build with !ARCH_WANT_HUGE_PMD_SHARE
 Author: Peter Xu <peterx@redhat.com>
 Date: Thu Mar 18 17:01:47 2021 +1100
 1 file changed, 5 insertions(+), 3 deletions(-)
Successfully cherry-picked 8a773f4ad7a3f51ff29192668219c5b9aa32eed8
----------------------------------------
Cherry-picking 172cf3523c14ebdbc6fb7078c464cc5d28e35e6a
Auto-merging mm/hugetlb.c
[main 331d07743449] FROMGIT: mm/hugetlb: move flush_hugetlb_tlb_range() into hugetlb.h
 Author: Peter Xu <peterx@redhat.com>
 Date: Thu Mar 18 17:01:47 2021 +1100
 2 files changed, 8 insertions(+), 8 deletions(-)
Successfully cherry-picked 172cf3523c14ebdbc6fb7078c464cc5d28e35e6a
----------------------------------------
Cherry-picking 974bc936b76c8e6ce62fce398ec28bad5dfac74b
Auto-merging mm/hugetlb.c
[main d10c3c11c33d] BACKPORT: FROMGIT: hugetlb/userfaultfd: unshare all pmds for hugetlbfs when register wp
 Author: Peter Xu <peterx@redhat.com>
 Date: Thu Mar 18 17:01:47 2021 +1100
 3 files changed, 57 insertions(+)
Successfully cherry-picked 974bc936b76c8e6ce62fce398ec28bad5dfac74b
----------------------------------------
Cherry-picking c5ac6879a963a9a144293da13e54109c477be12d
Auto-merging arch/arm64/Kconfig
CONFLICT (content): Merge conflict in arch/arm64/Kconfig
Auto-merging fs/proc/task_mmu.c
Auto-merging include/linux/mm.h
Auto-merging include/trace/events/mmflags.h
Auto-merging init/Kconfig
Auto-merging mm/hugetlb.c
CONFLICT (content): Merge conflict in mm/hugetlb.c
error: could not apply c5ac6879a963... BACKPORT: FROMGIT: userfaultfd: add minor fault registration mode
hint: After resolving the conflicts, mark them with
hint: "git add/rm <pathspec>", then run
hint: "git cherry-pick --continue".
hint: You can instead skip this commit with "git cherry-pick --skip".
hint: To abort and get back to the state before "git cherry-pick",
hint: run "git cherry-pick --abort".
Conflict or error during cherry-pick of c5ac6879a963a9a144293da13e54109c477be12d
Auto-resolving conflicts by accepting incoming changes...
[main 81ac3c4a9c58] BACKPORT: FROMGIT: userfaultfd: add minor fault registration mode
 Author: Axel Rasmussen <axelrasmussen@google.com>
 Date: Thu Mar 18 17:01:50 2021 +1100
 11 files changed, 775 insertions(+), 92 deletions(-)
----------------------------------------
Cherry-picking aa5d7cac3077e19de526e5f4b0f237d2eaedb5b7
[main ddf484b37266] FROMGIT: userfaultfd: disable huge PMD sharing for MINOR registered VMAs
 Author: Axel Rasmussen <axelrasmussen@google.com>
 Date: Thu Mar 18 17:01:50 2021 +1100
 1 file changed, 10 insertions(+), 3 deletions(-)
Successfully cherry-picked aa5d7cac3077e19de526e5f4b0f237d2eaedb5b7
----------------------------------------
Cherry-picking aa7b0977f6938d82e59edd43196f871912bf6ef7
[main a57a88a02fda] BACKPORT: FROMGIT: userfaultfd: hugetlbfs: only compile UFFD helpers if config enabled
 Author: Axel Rasmussen <axelrasmussen@google.com>
 Date: Thu Mar 18 17:01:50 2021 +1100
 2 files changed, 6 insertions(+)
Successfully cherry-picked aa7b0977f6938d82e59edd43196f871912bf6ef7
----------------------------------------
Cherry-picking df1e699930a51ace7f4c6ac3c69eed709db1fb6f
Auto-merging Documentation/sysctl/vm.txt
Auto-merging kernel/sysctl.c
CONFLICT (content): Merge conflict in kernel/sysctl.c
error: could not apply df1e699930a5... BACKPORT: userfaultfd/sysctl: add vm.unprivileged_userfaultfd
hint: After resolving the conflicts, mark them with
hint: "git add/rm <pathspec>", then run
hint: "git cherry-pick --continue".
hint: You can instead skip this commit with "git cherry-pick --skip".
hint: To abort and get back to the state before "git cherry-pick",
hint: run "git cherry-pick --abort".
Conflict or error during cherry-pick of df1e699930a51ace7f4c6ac3c69eed709db1fb6f
Auto-resolving conflicts by accepting incoming changes...
[main 0d38cfb0fcd1] BACKPORT: userfaultfd/sysctl: add vm.unprivileged_userfaultfd
 Author: Peter Xu <peterx@redhat.com>
 Date: Mon May 13 17:16:41 2019 -0700
 5 files changed, 322 insertions(+), 81 deletions(-)
----------------------------------------
Cherry-picking b6f5e18ba448a83c50781099f69c66e131ae2564
[main 9f840e6c7597] BACKPORT: userfaultfd: add UFFD_USER_MODE_ONLY
 Author: Lokesh Gidra <lokeshgidra@google.com>
 Date: Mon Dec 14 19:13:49 2020 -0800
 2 files changed, 18 insertions(+), 1 deletion(-)
Successfully cherry-picked b6f5e18ba448a83c50781099f69c66e131ae2564
----------------------------------------
Cherry-picking cc3b8d64f2635cafccb09e59f96e8b7b9944a57e
Auto-merging Documentation/sysctl/vm.txt
[main dac7d4b249d0] UPSTREAM: userfaultfd: add user-mode only option to unprivileged_userfaultfd sysctl knob
 Author: Lokesh Gidra <lokeshgidra@google.com>
 Date: Mon Dec 14 19:13:54 2020 -0800
 2 files changed, 18 insertions(+), 7 deletions(-)
Successfully cherry-picked cc3b8d64f2635cafccb09e59f96e8b7b9944a57e
----------------------------------------
Cherry-picking b253636bf9b16d398605be7ce50794131bf77904
[main 1f66489b587a] BACKPORT: userfaultfd: prevent non-cooperative events vs mcopy_atomic races
 Author: Mike Rapoport <rppt@linux.vnet.ibm.com>
 Date: Thu Jun 7 17:09:25 2018 -0700
 3 files changed, 41 insertions(+), 9 deletions(-)
Successfully cherry-picked b253636bf9b16d398605be7ce50794131bf77904
----------------------------------------
Cherry-picking e7443d98c37ebe62cc3242620472cf73028fbf6d
[main a8db9baac2b7] BACKPORT: FROMGIT: userfaultfd: add UFFDIO_CONTINUE ioctl
 Author: Axel Rasmussen <axelrasmussen@google.com>
 Date: Thu Mar 18 17:01:50 2021 +1100
 6 files changed, 163 insertions(+), 31 deletions(-)
Successfully cherry-picked e7443d98c37ebe62cc3242620472cf73028fbf6d
----------------------------------------
Cherry-picking 7707bcdea6209d203f74a6a1053b422f740f4f81
[main a49072bbef86] BACKPORT: FROMGIT: userfaultfd: update documentation to describe minor fault handling
 Author: Axel Rasmussen <axelrasmussen@google.com>
 Date: Thu Mar 18 17:01:51 2021 +1100
 1 file changed, 80 insertions(+), 33 deletions(-)
Successfully cherry-picked 7707bcdea6209d203f74a6a1053b422f740f4f81
----------------------------------------
Cherry-picking 56b8d5547238a782e5f9b11073d7cbe4efdd3c0a
Auto-merging mm/memory.c
Auto-merging mm/shmem.c
[main c171b638a634] BACKPORT: FROMGIT: userfaultfd: support minor fault handling for shmem
 Author: Axel Rasmussen <axelrasmussen@google.com>
 Date: Thu Mar 18 17:01:51 2021 +1100
 6 files changed, 88 insertions(+), 91 deletions(-)
Successfully cherry-picked 56b8d5547238a782e5f9b11073d7cbe4efdd3c0a
----------------------------------------
Cherry-picking 96a407ab50f1b18f081b913c3ab012bb9dd87e3b
[main 53f8e72ed528] BACKPORT: FROMLIST: userfaultfd/hugetlbfs: Fix minor fault page leak
 Author: Peter Xu <peterx@redhat.com>
 Date: Mon Mar 22 13:51:32 2021 -0400
 1 file changed, 1 insertion(+)
Successfully cherry-picked 96a407ab50f1b18f081b913c3ab012bb9dd87e3b
----------------------------------------
Cherry-picking 56dc27b1e6713a87de492bcf9f592e2943475285
Auto-merging mm/shmem.c
[main 0fa00b74cf1c] FROMLIST: userfaultfd/shmem: fix minor fault page leak
 Author: Axel Rasmussen <axelrasmussen@google.com>
 Date: Mon Mar 22 13:48:35 2021 -0700
 1 file changed, 1 insertion(+)
Successfully cherry-picked 56dc27b1e6713a87de492bcf9f592e2943475285
----------------------------------------
Cherry-picking b7590dfc863dd659b378dfe14660b3ff685f83ca
Auto-merging fs/f2fs/segment.c
[main f8905fe9b9a7] BACKPORT: f2fs: stop checkpoint when get a out-of-bounds segment
 Author: Zhiguo Niu <zhiguo.niu@unisoc.com>
 Date: Tue Feb 20 14:11:24 2024 +0800
 1 file changed, 15 insertions(+), 2 deletions(-)
Successfully cherry-picked b7590dfc863dd659b378dfe14660b3ff685f83ca
----------------------------------------
Cherry-picking 32d004c26b03be9a73716bc2fc7a2af7999080f1
Auto-merging fs/f2fs/data.c
Auto-merging fs/f2fs/f2fs.h
Auto-merging fs/f2fs/file.c
Auto-merging fs/f2fs/gc.c
CONFLICT (content): Merge conflict in fs/f2fs/gc.c
Auto-merging fs/f2fs/segment.c
CONFLICT (content): Merge conflict in fs/f2fs/segment.c
error: could not apply 32d004c26b03... BACKPORT: f2fs: fix to handle segment allocation failure correctly
hint: After resolving the conflicts, mark them with
hint: "git add/rm <pathspec>", then run
hint: "git cherry-pick --continue".
hint: You can instead skip this commit with "git cherry-pick --skip".
hint: To abort and get back to the state before "git cherry-pick",
hint: run "git cherry-pick --abort".
Conflict or error during cherry-pick of 32d004c26b03be9a73716bc2fc7a2af7999080f1
Auto-resolving conflicts by accepting incoming changes...
[main 6ad177a98e73] BACKPORT: f2fs: fix to handle segment allocation failure correctly
 Author: Chao Yu <chao@kernel.org>
 Date: Thu Feb 22 20:18:50 2024 +0800
 6 files changed, 2337 insertions(+), 774 deletions(-)
----------------------------------------
Cherry-picking 407ea9eaf54932de1c53be6a43ee5d92f24234c0
Auto-merging kernel/sys.c
[main 3ae4b9899eb2] Revert "syscall: Increase fake uname to 6.6.40"
 Author: Tim Zimmermann <tim@linux4.de>
 Date: Fri Sep 13 07:47:56 2024 +0200
 1 file changed, 1 insertion(+), 1 deletion(-)
Successfully cherry-picked 407ea9eaf54932de1c53be6a43ee5d92f24234c0
----------------------------------------
Cherry-picking bb1f9ef8a24748cd6a558b399af3e73f3009d64d
Auto-merging kernel/sys.c
[main 00f507f0ea31] Revert "syscall: Only fake uname on very first call of netbpfload"
 Author: Tim Zimmermann <tim@linux4.de>
 Date: Fri Sep 13 07:47:57 2024 +0200
 1 file changed, 3 insertions(+), 5 deletions(-)
Successfully cherry-picked bb1f9ef8a24748cd6a558b399af3e73f3009d64d
----------------------------------------
Cherry-picking f53b4b27cdcba7a30f30edcc78010c54b08231d9
[main 2867d4bdb5ac] UPSTREAM: unicode: Don't special case ignorable code points
 Author: Gabriel Krisman Bertazi <krisman@suse.de>
 Date: Tue Oct 8 18:43:16 2024 -0400
 2 files changed, 3346 insertions(+), 3427 deletions(-)
Successfully cherry-picked f53b4b27cdcba7a30f30edcc78010c54b08231d9
----------------------------------------
Cherry-picking 859170da0e97bd0b89903efde644aceeb65ff4f7
[main ce7f89cc6f5a] bpf: btf: refactor btf_int_bits_seq_show()
 Author: Yonghong Song <yhs@fb.com>
 Date: Sat Dec 15 22:13:50 2018 -0800
 1 file changed, 21 insertions(+), 14 deletions(-)
Successfully cherry-picked 859170da0e97bd0b89903efde644aceeb65ff4f7
----------------------------------------
Cherry-picking 0ffb7259f125e9f7a717340cc3748f84623fda2f
[main 41883a6f92b5] bpf: btf: Break up btf_type_is_void()
 Author: Martin KaFai Lau <kafai@fb.com>
 Date: Mon Nov 19 15:29:06 2018 -0800
 1 file changed, 22 insertions(+), 15 deletions(-)
Successfully cherry-picked 0ffb7259f125e9f7a717340cc3748f84623fda2f
----------------------------------------
Cherry-picking 993360ee85d44364f678e57dfd74418030dc110e
Auto-merging kernel/trace/bpf_trace.c
Auto-merging net/core/filter.c
[main 3b7a4379bc81] BACKPORT: bpf: split verifier and program ops
 Author: Jakub Kicinski <jakub.kicinski@netronome.com>
 Date: Mon Oct 16 16:40:53 2017 -0700
 7 files changed, 107 insertions(+), 46 deletions(-)
Successfully cherry-picked 993360ee85d44364f678e57dfd74418030dc110e
----------------------------------------
Cherry-picking d10e9318d503a7159d28d6546916427fedfcddf4
[main 160fae3a4afd] device_cgroup: add DEVCG_ prefix to ACC_* and DEV_* constants
 Author: Roman Gushchin <guro@fb.com>
 Date: Wed Dec 25 21:50:39 2024 -0500
 1 file changed, 36 insertions(+), 36 deletions(-)
Successfully cherry-picked d10e9318d503a7159d28d6546916427fedfcddf4
----------------------------------------
Cherry-picking 37e0a09eff1ef6859bacfa45741df690389f43cb
[main e0fc86db9328] device_cgroup: prepare code for bpf-based device controller This is non-functional change to prepare the device cgroup code for adding eBPF-based controller for cgroups v2.
 Author: Roman Gushchin <guro@fb.com>
 Date: Wed Dec 25 21:52:10 2024 -0500
 2 files changed, 59 insertions(+), 49 deletions(-)
Successfully cherry-picked 37e0a09eff1ef6859bacfa45741df690389f43cb
----------------------------------------
Cherry-picking 58a74a75a4808ca5c6dba6ee7f41bd43289b3979
Auto-merging kernel/bpf/cgroup.c
Auto-merging tools/include/uapi/linux/bpf.h
[main 279ce6276084] bpf, cgroup: implement eBPF-based device controller for cgroup v2
 Author: Roman Gushchin <guro@fb.com>
 Date: Sun Nov 5 08:15:32 2017 -0500
 7 files changed, 130 insertions(+), 1 deletion(-)
Successfully cherry-picked 58a74a75a4808ca5c6dba6ee7f41bd43289b3979
----------------------------------------
Cherry-picking 39c7948132b3efc97e3f2415661f29bda9ec0460
[main e863196dde40] BACKPORT: bpf: remove the verifier ops from program structure
 Author: Jakub Kicinski <jakub.kicinski@netronome.com>
 Date: Mon Oct 16 16:40:54 2017 -0700
 4 files changed, 20 insertions(+), 22 deletions(-)
Successfully cherry-picked 39c7948132b3efc97e3f2415661f29bda9ec0460
----------------------------------------
Cherry-picking fb631c845db6da99a8cb7d2377ed6b54d85581cf
Auto-merging include/net/tcp.h
[main dfbc0d19418b] net: add a UID to use for ULP socket assignment
 Author: John Fastabend <john.fastabend@gmail.com>
 Date: Mon Feb 5 10:17:43 2018 -0800
 3 files changed, 62 insertions(+), 5 deletions(-)
Successfully cherry-picked fb631c845db6da99a8cb7d2377ed6b54d85581cf
----------------------------------------
Cherry-picking da0d453e388bf50676fa94a261e4317dccb7fbe3
Auto-merging include/net/tcp.h
[main cd9186d1750b] bpf: sockmap, add sock close() hook to remove socks
 Author: John Fastabend <john.fastabend@gmail.com>
 Date: Mon Feb 5 10:17:49 2018 -0800
 2 files changed, 102 insertions(+), 67 deletions(-)
Successfully cherry-picked da0d453e388bf50676fa94a261e4317dccb7fbe3
----------------------------------------
Cherry-picking 1c1eaf2de4ed82b63effd20112288177d1004b85
Auto-merging kernel/bpf/core.c
Auto-merging kernel/events/core.c
Auto-merging kernel/trace/bpf_trace.c
[main bbd3a9e8d364] BACKPORT: bpf/tracing: allow user space to query prog array on the same tp
 Author: Yonghong Song <yhs@fb.com>
 Date: Mon Dec 11 11:39:02 2017 -0800
 5 files changed, 73 insertions(+)
Successfully cherry-picked 1c1eaf2de4ed82b63effd20112288177d1004b85
----------------------------------------
Cherry-picking 2b072e261b006bf22f7e2dc928bf3d52213efe3b
Auto-merging include/linux/trace_events.h
Auto-merging kernel/events/core.c
Auto-merging kernel/trace/bpf_trace.c
[main ab42b6e7fe73] bpf/tracing: fix kernel/events/core.c compilation error
 Author: Yonghong Song <yhs@fb.com>
 Date: Wed Dec 13 10:35:37 2017 -0800
 4 files changed, 8 insertions(+), 3 deletions(-)
Successfully cherry-picked 2b072e261b006bf22f7e2dc928bf3d52213efe3b
----------------------------------------
Cherry-picking 1b6607955df2bd14f3d11a0939480888c5a995b2
Auto-merging include/linux/kernel.h
[main 68e80db901d8] macro: introduce COUNT_ARGS() macro
 Author: Alexei Starovoitov <ast@kernel.org>
 Date: Wed Mar 28 12:05:36 2018 -0700
 3 files changed, 100 insertions(+), 6 deletions(-)
 create mode 100644 include/trace/bpf_probe.h
Successfully cherry-picked 1b6607955df2bd14f3d11a0939480888c5a995b2
----------------------------------------
Cherry-picking 04251debdff93591ddf5ce7565938ed5d9d52578
[main 7a1594bd9a65] f2fs: macro: Switch to COUNT_ARGS macro
 Author: Roberto Sartori <roberto.sartori.android@gmail.com>
 Date: Sat Oct 14 12:04:34 2023 +0200
 1 file changed, 1 insertion(+), 1 deletion(-)
Successfully cherry-picked 04251debdff93591ddf5ce7565938ed5d9d52578
----------------------------------------
Cherry-picking eff099b38e1720f1e686f625fd54fe12f89d8744
Auto-merging net/wireless/trace.h
[main cac77671529f] cfg80211/nl80211: macro: Switch to COUNT_ARGS macro
 Author: Roberto Sartori <roberto.sartori.android@gmail.com>
 Date: Sat Oct 14 12:05:33 2023 +0200
 1 file changed, 1 insertion(+), 1 deletion(-)
Successfully cherry-picked eff099b38e1720f1e686f625fd54fe12f89d8744
----------------------------------------
Cherry-picking 98ac403a994b46ffcb05637c0cf72c0da90d8e8b
Auto-merging include/asm-generic/vmlinux.lds.h
Auto-merging include/linux/trace_events.h
Auto-merging kernel/trace/bpf_trace.c
[main 3515589c7489] BACKPORT: bpf: introduce BPF_RAW_TRACEPOINT
 Author: Alexei Starovoitov <ast@kernel.org>
 Date: Wed Mar 28 12:05:37 2018 -0700
 8 files changed, 331 insertions(+)
Successfully cherry-picked 98ac403a994b46ffcb05637c0cf72c0da90d8e8b
----------------------------------------
Cherry-picking 2668d258ba9da954bc688d1a66e0abd6da3df7f6
[main 668e96a2faff] FROMLIST: [net-next,v2,1/2] bpf: Allow CGROUP_SKB eBPF program to access sk_buff
 Author: Chenbo Feng <fengc@google.com>
 Date: Fri Jun 2 17:04:59 2017 -0700
 1 file changed, 1 insertion(+)
Successfully cherry-picked 2668d258ba9da954bc688d1a66e0abd6da3df7f6
----------------------------------------
Cherry-picking 3b377db3d6652b754cc30277b3bbf2aa583b00de
[main bde27684f6fb] netfilter: x_tables: use pr ratelimiting in all remaining spots
 Author: Florian Westphal <fw@strlen.de>
 Date: Fri Feb 9 15:52:07 2018 +0100
 33 files changed, 112 insertions(+), 102 deletions(-)
Successfully cherry-picked 3b377db3d6652b754cc30277b3bbf2aa583b00de
----------------------------------------
Cherry-picking 263c764b53acdcb25ee38c17b889248b4660bbda
[main c4929bd16faa] netfilter: xt_conntrack: Support bit-shifting for CONNMARK & MARK targets.
 Author: Jack Ma <jack.ma@alliedtelesis.co.nz>
 Date: Mon Mar 19 09:41:59 2018 +1300
 2 files changed, 70 insertions(+), 17 deletions(-)
Successfully cherry-picked 263c764b53acdcb25ee38c17b889248b4660bbda
----------------------------------------
Cherry-picking 09b7fe369cf6af0c763799f2b3d9d6508fc8cee5
[main d90e2f09804c] netfilter: xt_connmark: Add bit mapping for bit-shift operation.
 Author: Jack Ma <jack.ma@alliedtelesis.co.nz>
 Date: Fri Apr 6 15:45:16 2018 +1200
 1 file changed, 11 insertions(+), 8 deletions(-)
Successfully cherry-picked 09b7fe369cf6af0c763799f2b3d9d6508fc8cee5
----------------------------------------
Cherry-picking f1088452ac822b9a71569f9f5cc538d1469d8fab
[main caf363426758] netfilter: xt_connmark: do not cast xt_connmark_tginfo1 to xt_connmark_tginfo2
 Author: Pablo Neira Ayuso <pablo@netfilter.org>
 Date: Thu Apr 19 16:17:14 2018 +0200
 1 file changed, 22 insertions(+), 16 deletions(-)
Successfully cherry-picked f1088452ac822b9a71569f9f5cc538d1469d8fab
----------------------------------------
Cherry-picking 12c1b9c0e2a5b3ca5d1c0ec007817a0fd69ec04e
[main b70805f54b62] netfilter: xt_connmark: fix list corruption on rmmod
 Author: Florian Westphal <fw@strlen.de>
 Date: Tue Jun 12 18:36:19 2018 +0200
 1 file changed, 1 insertion(+), 1 deletion(-)
Successfully cherry-picked 12c1b9c0e2a5b3ca5d1c0ec007817a0fd69ec04e
----------------------------------------
Cherry-picking 8b5f74e5bc575b1dcb1be930538b05d85b5da1a4
Auto-merging kernel/bpf/cgroup.c
[main 5a62bab3cbbf] BACKPORT: bpf: Add base proto function for cgroup-bpf programs
 Author: Andrey Ignatov <rdna@fb.com>
 Date: Tue Mar 12 09:27:09 2019 -0700
 1 file changed, 6 insertions(+), 2 deletions(-)
Successfully cherry-picked 8b5f74e5bc575b1dcb1be930538b05d85b5da1a4
----------------------------------------
Cherry-picking bd46d14d547c0922d2d2c46329031357d7f61fd3
Auto-merging include/linux/skbuff.h
Auto-merging net/core/filter.c
[main e54d90ce93d3] BACKPORT: flow_dissector: implements flow dissector BPF hook
 Author: Petar Penkov <ppenkov@google.com>
 Date: Fri Sep 14 07:46:18 2018 -0700
 10 files changed, 283 insertions(+), 4 deletions(-)
Successfully cherry-picked bd46d14d547c0922d2d2c46329031357d7f61fd3
----------------------------------------
Cherry-picking 649ff18700550d006513ee26831d77ebbddc222a
Auto-merging kernel/bpf/cgroup.c
[main 83cbbb836252] BACKPORT: bpf: Sysctl hook
 Author: Andrey Ignatov <rdna@fb.com>
 Date: Wed Feb 27 12:59:24 2019 -0800
 7 files changed, 139 insertions(+)
Successfully cherry-picked 649ff18700550d006513ee26831d77ebbddc222a
----------------------------------------
Cherry-picking bd5c000981e06f3f54a27f422502e710b9051601
Auto-merging net/core/filter.c
[main 89ea3f81340f] BACKPORT: bpf: create tcp_bpf_ulp allowing BPF to monitor socket TX/RX data
 Author: John Fastabend <john.fastabend@gmail.com>
 Date: Sun Mar 18 12:57:10 2018 -0700
 8 files changed, 846 insertions(+), 19 deletions(-)
Successfully cherry-picked bd5c000981e06f3f54a27f422502e710b9051601
----------------------------------------
Cherry-picking 28a14b27a752d4dd2e44285bdfe11d2c1b9ae754
Auto-merging net/core/filter.c
[main addebc151b2e] bpf: fix pointer offsets in context for 32 bit
 Author: Daniel Borkmann <daniel@iogearbox.net>
 Date: Sat Dec 1 01:18:53 2018 +0100
 3 files changed, 24 insertions(+), 10 deletions(-)
Successfully cherry-picked 28a14b27a752d4dd2e44285bdfe11d2c1b9ae754
----------------------------------------
Cherry-picking 1d7930f53b42686bf24b25cd7fde96de05b84d62
Auto-merging kernel/bpf/core.c
[main 0392a5fbca98] bpf: fix bpf_prog_array_copy_to_user() issues
 Author: Alexei Starovoitov <ast@kernel.org>
 Date: Fri Feb 2 15:14:05 2018 -0800
 1 file changed, 23 insertions(+), 8 deletions(-)
Successfully cherry-picked 1d7930f53b42686bf24b25cd7fde96de05b84d62
----------------------------------------
Cherry-picking bfc2230c96faf5c595c035a4088a5f81e8cc562f
Auto-merging kernel/trace/bpf_trace.c
[main 91dffd68f8b6] bpf: avoid rcu_dereference inside bpf_event_mutex lock region
 Author: Yonghong Song <yhs@fb.com>
 Date: Mon Oct 30 13:50:22 2017 -0700
 1 file changed, 7 insertions(+), 10 deletions(-)
Successfully cherry-picked bfc2230c96faf5c595c035a4088a5f81e8cc562f
----------------------------------------
Cherry-picking 468e555cdbcbafe0092bba48c0f528f1557c0aea
Auto-merging kernel/trace/bpf_trace.c
[main 32a732e354d8] bpf: set maximum number of attached progs to 64 for a single perf tp
 Author: Yonghong Song <yhs@fb.com>
 Date: Thu Nov 30 13:47:54 2017 -0800
 1 file changed, 7 insertions(+)
Successfully cherry-picked 468e555cdbcbafe0092bba48c0f528f1557c0aea
----------------------------------------
Cherry-picking 529140926c58d483c5523c78d02fceb3c56ce1b4
Auto-merging kernel/bpf/core.c
Auto-merging kernel/trace/bpf_trace.c
[main bf05eca38a52] bpf/tracing: fix a deadlock in perf_event_detach_bpf_prog
 Author: Yonghong Song <yhs@fb.com>
 Date: Tue Apr 10 09:37:32 2018 -0700
 3 files changed, 50 insertions(+), 22 deletions(-)
Successfully cherry-picked 529140926c58d483c5523c78d02fceb3c56ce1b4
----------------------------------------
Cherry-picking 55efbaf286452e519ab29ca7e1c1f4bc08e3dfa6
Auto-merging tools/include/uapi/linux/bpf.h
[main a171cd860eb5] bpf: introduce new bpf cpu map type BPF_MAP_TYPE_CPUMAP
 Author: Jesper Dangaard Brouer <brouer@redhat.com>
 Date: Mon Oct 16 12:19:28 2017 +0200
 7 files changed, 576 insertions(+)
 create mode 100644 kernel/bpf/cpumap.c
Successfully cherry-picked 55efbaf286452e519ab29ca7e1c1f4bc08e3dfa6
----------------------------------------
Cherry-picking 79c3c559a36b608047669eaf1d48e24950ca1980
Auto-merging kernel/bpf/hashtab.c
[main bf7d4680cad7] bpf: add helper for copying attrs to struct bpf_map
 Author: Jakub Kicinski <jakub.kicinski@netronome.com>
 Date: Thu Jan 11 20:29:06 2018 -0800
 8 files changed, 17 insertions(+), 44 deletions(-)
Successfully cherry-picked 79c3c559a36b608047669eaf1d48e24950ca1980
----------------------------------------
Cherry-picking e09adc8b42b707a564c77a2cc83775b515df18fd
[main a730cd2a8f8e] bpf: add ability to charge bpf maps memory dynamically
 Author: Roman Gushchin <guro@fb.com>
 Date: Thu Aug 2 14:27:17 2018 -0700
 2 files changed, 42 insertions(+), 14 deletions(-)
Successfully cherry-picked e09adc8b42b707a564c77a2cc83775b515df18fd
----------------------------------------
Cherry-picking bac4b12d382eea353916eb3371b7facfc219495e
[main 5febe24c10b2] bpf: introduce cgroup storage maps
 Author: Roman Gushchin <guro@fb.com>
 Date: Thu Aug 2 14:27:18 2018 -0700
 8 files changed, 436 insertions(+)
 create mode 100644 kernel/bpf/local_storage.c
Successfully cherry-picked bac4b12d382eea353916eb3371b7facfc219495e
----------------------------------------
Cherry-picking f716e13212b1fdee760869850f9bf0eb13ec2a28
[main 4c3bf5eca3ff] bpf: pass a pointer to a cgroup storage using pcpu variable
 Author: Roman Gushchin <guro@fb.com>
 Date: Thu Aug 2 14:27:19 2018 -0700
 2 files changed, 15 insertions(+)
Successfully cherry-picked f716e13212b1fdee760869850f9bf0eb13ec2a28
----------------------------------------
Cherry-picking 84f79af9062666df7b0b1521440ae8893c51406e
[main 219845651fbd] bpf: include errno.h from bpf-cgroup.h
 Author: Roman Gushchin <guro@fb.com>
 Date: Fri Jul 6 14:34:29 2018 -0700
 1 file changed, 1 insertion(+)
Successfully cherry-picked 84f79af9062666df7b0b1521440ae8893c51406e
----------------------------------------
Cherry-picking 063a94799f308563a4d71b0a488c09d177ee37ab
Auto-merging kernel/bpf/cgroup.c
[main 80f863069656] BACKPORT: bpf: allocate cgroup storage entries on attaching bpf programs
 Author: Roman Gushchin <guro@fb.com>
 Date: Thu Aug 2 14:27:20 2018 -0700
 2 files changed, 38 insertions(+), 11 deletions(-)
Successfully cherry-picked 063a94799f308563a4d71b0a488c09d177ee37ab
----------------------------------------
Cherry-picking 83ffeb9bf17ab5347f4f93f70d77719be0da8d1e
Auto-merging kernel/bpf/cgroup.c
CONFLICT (content): Merge conflict in kernel/bpf/cgroup.c
Auto-merging kernel/bpf/core.c
error: could not apply 83ffeb9bf17a... bpf: extend bpf_prog_array to store pointers to the cgroup storage
hint: After resolving the conflicts, mark them with
hint: "git add/rm <pathspec>", then run
hint: "git cherry-pick --continue".
hint: You can instead skip this commit with "git cherry-pick --skip".
hint: To abort and get back to the state before "git cherry-pick",
hint: run "git cherry-pick --abort".
Conflict or error during cherry-pick of 83ffeb9bf17ab5347f4f93f70d77719be0da8d1e
Auto-resolving conflicts by accepting incoming changes...
